Using pre-set license
Built from '2022.3/staging' branch; Version is '2022.3.32f1 (c8300dc0a3fa) revision 13119501'; Using compiler version '192829333'; Build Type 'Release'
OS: 'Windows 11  (10.0.22631) 64bit Professional' Language: 'fr' Physical Memory: 16005 MB
BatchMode: 1, IsHumanControllingUs: 0, StartBugReporterOnCrash: 0, Is64bit: 1, IsPro: 1

COMMAND LINE ARGUMENTS:
C:\Program Files\Unity\Hub\Editor\2022.3.32f1\Editor\Unity.exe
-adb2
-batchMode
-noUpm
-name
AssetImportWorker15
-projectPath
C:/Users/Pando/World Attack
-logFile
Logs/AssetImportWorker15.log
-srvPort
49352
Successfully changed project path to: C:/Users/Pando/World Attack
C:/Users/Pando/World Attack
[UnityMemory] Configuration Parameters - Can be set up in boot.config
    "memorysetup-bucket-allocator-granularity=16"
    "memorysetup-bucket-allocator-bucket-count=8"
    "memorysetup-bucket-allocator-block-size=33554432"
    "memorysetup-bucket-allocator-block-count=8"
    "memorysetup-main-allocator-block-size=16777216"
    "memorysetup-thread-allocator-block-size=16777216"
    "memorysetup-gfx-main-allocator-block-size=16777216"
    "memorysetup-gfx-thread-allocator-block-size=16777216"
    "memorysetup-cache-allocator-block-size=4194304"
    "memorysetup-typetree-allocator-block-size=2097152"
    "memorysetup-profiler-bucket-allocator-granularity=16"
    "memorysetup-profiler-bucket-allocator-bucket-count=8"
    "memorysetup-profiler-bucket-allocator-block-size=33554432"
    "memorysetup-profiler-bucket-allocator-block-count=8"
    "memorysetup-profiler-allocator-block-size=16777216"
    "memorysetup-profiler-editor-allocator-block-size=1048576"
    "memorysetup-temp-allocator-size-main=16777216"
    "memorysetup-job-temp-allocator-block-size=2097152"
    "memorysetup-job-temp-allocator-block-size-background=1048576"
    "memorysetup-job-temp-allocator-reduction-small-platforms=262144"
    "memorysetup-allocator-temp-initial-block-size-main=262144"
    "memorysetup-allocator-temp-initial-block-size-worker=262144"
    "memorysetup-temp-allocator-size-background-worker=32768"
    "memorysetup-temp-allocator-size-job-worker=262144"
    "memorysetup-temp-allocator-size-preload-manager=33554432"
    "memorysetup-temp-allocator-size-nav-mesh-worker=65536"
    "memorysetup-temp-allocator-size-audio-worker=65536"
    "memorysetup-temp-allocator-size-cloud-worker=32768"
    "memorysetup-temp-allocator-size-gi-baking-worker=262144"
    "memorysetup-temp-allocator-size-gfx=262144"
Unable to join player connection multicast group (err: 10013).
Player connection [40624] Host "[IP] 192.168.2.3 [Port] 0 [Flags] 2 [Guid] 2108732302 [EditorId] 2108732302 [Version] 1048832 [Id] WindowsEditor(7,Pandoww) [Debug] 1 [PackageName] WindowsEditor [ProjectName] Editor" joined alternative multi-casting on [225.0.0.222:34997]...

[PhysX] Initialized MultithreadedTaskDispatcher with 16 workers.
Refreshing native plugins compatible for Editor in 7.73 ms, found 3 plugins.
Preloading 0 native plugins for Editor in 0.00 ms.
Initialize engine version: 2022.3.32f1 (c8300dc0a3fa)
[Subsystems] Discovering subsystems at path C:/Program Files/Unity/Hub/Editor/2022.3.32f1/Editor/Data/Resources/UnitySubsystems
[Subsystems] Discovering subsystems at path C:/Users/Pando/World Attack/Assets
GfxDevice: creating device client; threaded=0; jobified=0
Direct3D:
    Version:  Direct3D 11.0 [level 11.1]
    Renderer: NVIDIA GeForce RTX 3060 Laptop GPU (ID=0x2520)
    Vendor:   NVIDIA
    VRAM:     5996 MB
    Driver:   31.0.15.5212
Initialize mono
Mono path[0] = 'C:/Program Files/Unity/Hub/Editor/2022.3.32f1/Editor/Data/Managed'
Mono path[1] = 'C:/Program Files/Unity/Hub/Editor/2022.3.32f1/Editor/Data/MonoBleedingEdge/lib/mono/unityjit-win32'
Mono config path = 'C:/Program Files/Unity/Hub/Editor/2022.3.32f1/Editor/Data/MonoBleedingEdge/etc'
Using monoOptions --debugger-agent=transport=dt_socket,embedding=1,server=y,suspend=n,address=127.0.0.1:56456
Begin MonoManager ReloadAssembly
Registering precompiled unity dll's ...
Register platform support module: C:/Program Files/Unity/Hub/Editor/2022.3.32f1/Editor/Data/PlaybackEngines/WebGLSupport/UnityEditor.WebGL.Extensions.dll
Register platform support module: C:/Program Files/Unity/Hub/Editor/2022.3.32f1/Editor/Data/PlaybackEngines/AndroidPlayer/UnityEditor.Android.Extensions.dll
Register platform support module: C:/Program Files/Unity/Hub/Editor/2022.3.32f1/Editor/Data/PlaybackEngines/WindowsStandaloneSupport/UnityEditor.WindowsStandalone.Extensions.dll
Registered in 0.009306 seconds.
- Loaded All Assemblies, in  0.379 seconds
Native extension for WindowsStandalone target not found
Native extension for Android target not found
Android Extension - Scanning For ADB Devices 273 ms
Native extension for WebGL target not found
Mono: successfully reloaded assembly
- Finished resetting the current domain, in  0.560 seconds
Domain Reload Profiling: 937ms
	BeginReloadAssembly (109ms)
		ExecutionOrderSort (0ms)
		DisableScriptedObjects (0ms)
		BackupInstance (0ms)
		ReleaseScriptingObjects (0ms)
		CreateAndSetChildDomain (1ms)
	RebuildCommonClasses (32ms)
	RebuildNativeTypeToScriptingClass (8ms)
	initialDomainReloadingComplete (58ms)
	LoadAllAssembliesAndSetupDomain (169ms)
		LoadAssemblies (107ms)
		RebuildTransferFunctionScriptingTraits (0ms)
		AnalyzeDomain (166ms)
			TypeCache.Refresh (165ms)
				TypeCache.ScanAssembly (150ms)
			ScanForSourceGeneratedMonoScriptInfo (0ms)
			ResolveRequiredComponents (1ms)
	FinalizeReload (560ms)
		ReleaseScriptCaches (0ms)
		RebuildScriptCaches (0ms)
		SetupLoadedEditorAssemblies (502ms)
			LogAssemblyErrors (0ms)
			InitializePlatformSupportModulesInManaged (390ms)
			SetLoadedEditorAssemblies (3ms)
			RefreshPlugins (0ms)
			BeforeProcessingInitializeOnLoad (2ms)
			ProcessInitializeOnLoadAttributes (74ms)
			ProcessInitializeOnLoadMethodAttributes (33ms)
			AfterProcessingInitializeOnLoad (0ms)
			EditorAssembliesLoaded (0ms)
		ExecutionOrderSort2 (0ms)
		AwakeInstancesAfterBackupRestoration (0ms)
========================================================================
Worker process is ready to serve import requests
Begin MonoManager ReloadAssembly
- Loaded All Assemblies, in  0.510 seconds
Refreshing native plugins compatible for Editor in 2.64 ms, found 3 plugins.
Native extension for WindowsStandalone target not found
Native extension for Android target not found
Native extension for WebGL target not found
Package Manager log level set to [2]
[Package Manager] Server::EnsureServerProcessIsRunning -- launch failed, reason: Unity was launched with the -noUpm command-line argument
[Package Manager] UpmClient::Send -- Unable to send message (not connected to UPM process).
[Package Manager] Cannot connect to Unity Package Manager local server
Mono: successfully reloaded assembly
- Finished resetting the current domain, in  0.476 seconds
Domain Reload Profiling: 984ms
	BeginReloadAssembly (107ms)
		ExecutionOrderSort (0ms)
		DisableScriptedObjects (5ms)
		BackupInstance (0ms)
		ReleaseScriptingObjects (0ms)
		CreateAndSetChildDomain (18ms)
	RebuildCommonClasses (24ms)
	RebuildNativeTypeToScriptingClass (9ms)
	initialDomainReloadingComplete (31ms)
	LoadAllAssembliesAndSetupDomain (336ms)
		LoadAssemblies (238ms)
		RebuildTransferFunctionScriptingTraits (0ms)
		AnalyzeDomain (158ms)
			TypeCache.Refresh (136ms)
				TypeCache.ScanAssembly (120ms)
			ScanForSourceGeneratedMonoScriptInfo (16ms)
			ResolveRequiredComponents (6ms)
	FinalizeReload (476ms)
		ReleaseScriptCaches (0ms)
		RebuildScriptCaches (0ms)
		SetupLoadedEditorAssemblies (346ms)
			LogAssemblyErrors (0ms)
			InitializePlatformSupportModulesInManaged (20ms)
			SetLoadedEditorAssemblies (2ms)
			RefreshPlugins (0ms)
			BeforeProcessingInitializeOnLoad (45ms)
			ProcessInitializeOnLoadAttributes (250ms)
			ProcessInitializeOnLoadMethodAttributes (22ms)
			AfterProcessingInitializeOnLoad (6ms)
			EditorAssembliesLoaded (0ms)
		ExecutionOrderSort2 (0ms)
		AwakeInstancesAfterBackupRestoration (6ms)
Launched and connected shader compiler UnityShaderCompiler.exe after 0.05 seconds
Refreshing native plugins compatible for Editor in 2.69 ms, found 3 plugins.
Preloading 0 native plugins for Editor in 0.00 ms.
Unloading 4415 Unused Serialized files (Serialized files now loaded: 0)
Unloading 79 unused Assets / (2.7 MB). Loaded Objects now: 4888.
Memory consumption went from 298.7 MB to 296.0 MB.
Total: 3.257400 ms (FindLiveObjects: 0.275500 ms CreateObjectMapping: 0.152700 ms MarkObjects: 2.312700 ms  DeleteObjects: 0.514900 ms)

AssetImportParameters requested are different than current active one (requested -> active):
  custom:container-demuxer-ogg: 62fdf1f143b41e24485cea50d1cbac27 -> 
  custom:video-codec-MediaFoundation-h265: 746d11721c4dcdbdad8f713fa42b33f4 -> 
  custom:video-decoder-ogg-theora: a1e56fd34408186e4bbccfd4996cb3dc -> 
  custom:framework-win-MediaFoundation: 216162199b28c13a410421893ffa2e32 -> 
  custom:CustomObjectIndexerAttribute: 9a22284fe3817be447336de3de66b15e -> 
  custom:container-demuxer-webm: 4f35f7cbe854078d1ac9338744f61a02 -> 
  custom:container-muxer-webm: aa71ff27fc2769a1b78a27578f13a17b -> 
  custom:video-decoder-webm-vp8: 9c59270c3fd7afecdb556c50c9e8de78 -> 
  custom:SearchIndexIgnoredProperties: e643bd26f0fe6173181afceb89e7c659 -> 
  custom:AudioImporter_EditorPlatform: d09bf68614088b80899f8185d706f6e7 -> 
  custom:video-encoder-webm-vp8: eb34c28f22e8b96e1ab97ce403110664 -> 
  custom:audio-decoder-ogg-vorbis: bf7c407c2cedff20999df2af8eb42d56 -> 
  custom:audio-encoder-webm-vorbis: bf7c407c2cedff20999df2af8eb42d56 -> 
========================================================================
Received Import Request.
  Time since last request: 621740.313179 seconds.
  path: Assets/Scenes/scene jeux/Villa2_Door_A Variant 24.prefab
  artifactKey: Guid(5d6d32b823d1e864ca854fcf5907c2f7) Importer(815301076,1909f56bfc062723c751e8b465ee728b)
Start importing Assets/Scenes/scene jeux/Villa2_Door_A Variant 24.prefab using Guid(5d6d32b823d1e864ca854fcf5907c2f7) Importer(815301076,1909f56bfc062723c751e8b465ee728b) [PhysX] Initialized MultithreadedTaskDispatcher with 16 workers.
[PhysX] Initialized MultithreadedTaskDispatcher with 16 workers.
 -> (artifact id: 'f0fbbb81dc5ef837b31b60c1ad1db772') in 0.194840 seconds
Number of updated asset objects reloaded before import = 0
Number of asset objects unloaded after import = 22
========================================================================
Received Import Request.
  Time since last request: 0.000042 seconds.
  path: Assets/Scenes/scene jeux/Villa2_Door_B Variant 3.prefab
  artifactKey: Guid(0e74e49f28e95594bae3f8f36fba8116) Importer(815301076,1909f56bfc062723c751e8b465ee728b)
Start importing Assets/Scenes/scene jeux/Villa2_Door_B Variant 3.prefab using Guid(0e74e49f28e95594bae3f8f36fba8116) Importer(815301076,1909f56bfc062723c751e8b465ee728b) [PhysX] Initialized MultithreadedTaskDispatcher with 16 workers.
[PhysX] Initialized MultithreadedTaskDispatcher with 16 workers.
 -> (artifact id: 'c5cb795dc004aa460409807473dcd8b6') in 0.080289 seconds
Number of updated asset objects reloaded before import = 0
Number of asset objects unloaded after import = 22
========================================================================
Received Import Request.
  Time since last request: 0.000048 seconds.
  path: Assets/Scenes/scene jeux/Villa2_Door_B Variant 7.prefab
  artifactKey: Guid(9651a4df0d619104fb636385daf3b908) Importer(815301076,1909f56bfc062723c751e8b465ee728b)
Start importing Assets/Scenes/scene jeux/Villa2_Door_B Variant 7.prefab using Guid(9651a4df0d619104fb636385daf3b908) Importer(815301076,1909f56bfc062723c751e8b465ee728b) [PhysX] Initialized MultithreadedTaskDispatcher with 16 workers.
[PhysX] Initialized MultithreadedTaskDispatcher with 16 workers.
 -> (artifact id: 'b8f8048a41932bb7f4263da3f20004c4') in 0.088611 seconds
Number of updated asset objects reloaded before import = 0
Number of asset objects unloaded after import = 22
========================================================================
Received Import Request.
  Time since last request: 0.000059 seconds.
  path: Assets/Scenes/scene jeux/Villa2_Floor_Mid_A Variant 13.prefab
  artifactKey: Guid(a5287c0388680764cb95994fed1e16d3) Importer(815301076,1909f56bfc062723c751e8b465ee728b)
Start importing Assets/Scenes/scene jeux/Villa2_Floor_Mid_A Variant 13.prefab using Guid(a5287c0388680764cb95994fed1e16d3) Importer(815301076,1909f56bfc062723c751e8b465ee728b) [PhysX] Initialized MultithreadedTaskDispatcher with 16 workers.
[PhysX] Initialized MultithreadedTaskDispatcher with 16 workers.
 -> (artifact id: '25b8120788e49a046d4519aab5c6007d') in 0.070120 seconds
Number of updated asset objects reloaded before import = 0
Number of asset objects unloaded after import = 23
========================================================================
Received Import Request.
  Time since last request: 0.000049 seconds.
  path: Assets/Scenes/scene jeux/Villa2_Floor_Mid_A Variant 22.prefab
  artifactKey: Guid(5735af58b7e95814ea401a8d667e1623) Importer(815301076,1909f56bfc062723c751e8b465ee728b)
Start importing Assets/Scenes/scene jeux/Villa2_Floor_Mid_A Variant 22.prefab using Guid(5735af58b7e95814ea401a8d667e1623) Importer(815301076,1909f56bfc062723c751e8b465ee728b) [PhysX] Initialized MultithreadedTaskDispatcher with 16 workers.
[PhysX] Initialized MultithreadedTaskDispatcher with 16 workers.
 -> (artifact id: '70b32fff3d076bf1eb81045deb702b5c') in 0.070785 seconds
Number of updated asset objects reloaded before import = 0
Number of asset objects unloaded after import = 23
========================================================================
Received Import Request.
  Time since last request: 0.000107 seconds.
  path: Assets/Scenes/scene jeux/Villa2_Floor_Mid_A Variant 18.prefab
  artifactKey: Guid(38d4299869ac9324f8a78e1db3c34d1b) Importer(815301076,1909f56bfc062723c751e8b465ee728b)
Start importing Assets/Scenes/scene jeux/Villa2_Floor_Mid_A Variant 18.prefab using Guid(38d4299869ac9324f8a78e1db3c34d1b) Importer(815301076,1909f56bfc062723c751e8b465ee728b) [PhysX] Initialized MultithreadedTaskDispatcher with 16 workers.
[PhysX] Initialized MultithreadedTaskDispatcher with 16 workers.
 -> (artifact id: '208971f84aafd53c5b779e78de84213c') in 0.074278 seconds
Number of updated asset objects reloaded before import = 0
Number of asset objects unloaded after import = 23
========================================================================
Received Import Request.
  Time since last request: 0.000103 seconds.
  path: Assets/Scenes/scene jeux/Villa2_Floor_Mid_A Variant 10.prefab
  artifactKey: Guid(4983ee47dcf13564b9ce70d9566174a4) Importer(815301076,1909f56bfc062723c751e8b465ee728b)
Start importing Assets/Scenes/scene jeux/Villa2_Floor_Mid_A Variant 10.prefab using Guid(4983ee47dcf13564b9ce70d9566174a4) Importer(815301076,1909f56bfc062723c751e8b465ee728b) [PhysX] Initialized MultithreadedTaskDispatcher with 16 workers.
[PhysX] Initialized MultithreadedTaskDispatcher with 16 workers.
 -> (artifact id: '34d58517fab83659afa58b3a770d4be8') in 0.074342 seconds
Number of updated asset objects reloaded before import = 0
Number of asset objects unloaded after import = 23
========================================================================
Received Import Request.
  Time since last request: 0.000039 seconds.
  path: Assets/Scenes/scene jeux/Villa2_Floor_Mid_A Variant 32.prefab
  artifactKey: Guid(616b605dcda79634d970831b23853998) Importer(815301076,1909f56bfc062723c751e8b465ee728b)
Start importing Assets/Scenes/scene jeux/Villa2_Floor_Mid_A Variant 32.prefab using Guid(616b605dcda79634d970831b23853998) Importer(815301076,1909f56bfc062723c751e8b465ee728b) [PhysX] Initialized MultithreadedTaskDispatcher with 16 workers.
[PhysX] Initialized MultithreadedTaskDispatcher with 16 workers.
 -> (artifact id: '432008dd26b84d787bcaa6d0277e1095') in 0.062745 seconds
Number of updated asset objects reloaded before import = 0
Number of asset objects unloaded after import = 23
========================================================================
Received Import Request.
  Time since last request: 0.000028 seconds.
  path: Assets/Scenes/scene jeux/Villa2_Floor_Mid_A Variant 41.prefab
  artifactKey: Guid(436ec947d074dee42aa10f7bb6668f13) Importer(815301076,1909f56bfc062723c751e8b465ee728b)
Start importing Assets/Scenes/scene jeux/Villa2_Floor_Mid_A Variant 41.prefab using Guid(436ec947d074dee42aa10f7bb6668f13) Importer(815301076,1909f56bfc062723c751e8b465ee728b) [PhysX] Initialized MultithreadedTaskDispatcher with 16 workers.
[PhysX] Initialized MultithreadedTaskDispatcher with 16 workers.
 -> (artifact id: 'f7e300a19fc144ed4180ae93766432e1') in 0.058332 seconds
Number of updated asset objects reloaded before import = 0
Number of asset objects unloaded after import = 23
========================================================================
Received Import Request.
  Time since last request: 0.000059 seconds.
  path: Assets/Scenes/scene jeux/Villa2_Floor_Mid_A Variant 86.prefab
  artifactKey: Guid(6e884472abe31d34fb104787ba17629d) Importer(815301076,1909f56bfc062723c751e8b465ee728b)
Start importing Assets/Scenes/scene jeux/Villa2_Floor_Mid_A Variant 86.prefab using Guid(6e884472abe31d34fb104787ba17629d) Importer(815301076,1909f56bfc062723c751e8b465ee728b) [PhysX] Initialized MultithreadedTaskDispatcher with 16 workers.
[PhysX] Initialized MultithreadedTaskDispatcher with 16 workers.
 -> (artifact id: '0b3398a2930bbaa549972bfabe86b6e8') in 0.066881 seconds
Number of updated asset objects reloaded before import = 0
Number of asset objects unloaded after import = 23
========================================================================
Received Import Request.
  Time since last request: 0.000041 seconds.
  path: Assets/Scenes/scene jeux/Villa2_Floor_Mid_B Variant 2.prefab
  artifactKey: Guid(a4bd67a3a4f654341bc959afe13975e4) Importer(815301076,1909f56bfc062723c751e8b465ee728b)
Start importing Assets/Scenes/scene jeux/Villa2_Floor_Mid_B Variant 2.prefab using Guid(a4bd67a3a4f654341bc959afe13975e4) Importer(815301076,1909f56bfc062723c751e8b465ee728b) [PhysX] Initialized MultithreadedTaskDispatcher with 16 workers.
[PhysX] Initialized MultithreadedTaskDispatcher with 16 workers.
 -> (artifact id: 'b20eab26f78b8a580aab76b293637497') in 0.060887 seconds
Number of updated asset objects reloaded before import = 0
Number of asset objects unloaded after import = 23
========================================================================
Received Import Request.
  Time since last request: 0.000086 seconds.
  path: Assets/Scenes/scene jeux/Villa2_Floor_Mid_A Variant 57.prefab
  artifactKey: Guid(f284a4303839a7c4fa2286dcbd5bb47d) Importer(815301076,1909f56bfc062723c751e8b465ee728b)
Start importing Assets/Scenes/scene jeux/Villa2_Floor_Mid_A Variant 57.prefab using Guid(f284a4303839a7c4fa2286dcbd5bb47d) Importer(815301076,1909f56bfc062723c751e8b465ee728b) [PhysX] Initialized MultithreadedTaskDispatcher with 16 workers.
[PhysX] Initialized MultithreadedTaskDispatcher with 16 workers.
 -> (artifact id: '016abde566b14e6e3da3db6dc34b3e5b') in 0.057296 seconds
Number of updated asset objects reloaded before import = 0
Number of asset objects unloaded after import = 23
========================================================================
Received Import Request.
  Time since last request: 0.000030 seconds.
  path: Assets/Scenes/scene jeux/Villa2_Roof_Mid_A_4x (1) Variant.prefab
  artifactKey: Guid(6c870c180e026f844bb94d416685ea55) Importer(815301076,1909f56bfc062723c751e8b465ee728b)
Start importing Assets/Scenes/scene jeux/Villa2_Roof_Mid_A_4x (1) Variant.prefab using Guid(6c870c180e026f844bb94d416685ea55) Importer(815301076,1909f56bfc062723c751e8b465ee728b) [PhysX] Initialized MultithreadedTaskDispatcher with 16 workers.
[PhysX] Initialized MultithreadedTaskDispatcher with 16 workers.
 -> (artifact id: '454dda21922e2e8a21358eb0ca2598b1') in 0.069611 seconds
Number of updated asset objects reloaded before import = 0
Number of asset objects unloaded after import = 23
========================================================================
Received Import Request.
  Time since last request: 0.000034 seconds.
  path: Assets/Scenes/scene jeux/Villa2_Floor_Mid_A Variant 16.prefab
  artifactKey: Guid(0789df59fc7778748a84a6171764b833) Importer(815301076,1909f56bfc062723c751e8b465ee728b)
Start importing Assets/Scenes/scene jeux/Villa2_Floor_Mid_A Variant 16.prefab using Guid(0789df59fc7778748a84a6171764b833) Importer(815301076,1909f56bfc062723c751e8b465ee728b) [PhysX] Initialized MultithreadedTaskDispatcher with 16 workers.
[PhysX] Initialized MultithreadedTaskDispatcher with 16 workers.
 -> (artifact id: '54f758b0a56e99820d2c559ee17eb4f5') in 0.063889 seconds
Number of updated asset objects reloaded before import = 0
Number of asset objects unloaded after import = 23
========================================================================
Received Import Request.
  Time since last request: 0.000072 seconds.
  path: Assets/Scenes/scene jeux/Villa2_Roof_Mid_A_4x (14) Variant.prefab
  artifactKey: Guid(c4d78b320edb16440b4b427d015e16a9) Importer(815301076,1909f56bfc062723c751e8b465ee728b)
Start importing Assets/Scenes/scene jeux/Villa2_Roof_Mid_A_4x (14) Variant.prefab using Guid(c4d78b320edb16440b4b427d015e16a9) Importer(815301076,1909f56bfc062723c751e8b465ee728b) [PhysX] Initialized MultithreadedTaskDispatcher with 16 workers.
[PhysX] Initialized MultithreadedTaskDispatcher with 16 workers.
 -> (artifact id: '5645dd7a5d04a4981163f2251780f1dc') in 0.063969 seconds
Number of updated asset objects reloaded before import = 0
Number of asset objects unloaded after import = 23
========================================================================
Received Import Request.
  Time since last request: 0.000050 seconds.
  path: Assets/Scenes/scene jeux/Villa2_Floor_Mid_A Variant 45.prefab
  artifactKey: Guid(b7c65d5641e80444c80d49b348a34f0f) Importer(815301076,1909f56bfc062723c751e8b465ee728b)
Start importing Assets/Scenes/scene jeux/Villa2_Floor_Mid_A Variant 45.prefab using Guid(b7c65d5641e80444c80d49b348a34f0f) Importer(815301076,1909f56bfc062723c751e8b465ee728b) [PhysX] Initialized MultithreadedTaskDispatcher with 16 workers.
[PhysX] Initialized MultithreadedTaskDispatcher with 16 workers.
 -> (artifact id: '3b595e805e75ac2d7966559dc695b421') in 0.073923 seconds
Number of updated asset objects reloaded before import = 0
Number of asset objects unloaded after import = 23
========================================================================
Received Import Request.
  Time since last request: 0.000029 seconds.
  path: Assets/Scenes/scene jeux/Villa2_Top_Cor_A Variant 6.prefab
  artifactKey: Guid(42bcabe0c27de374bb8a897d3765b86a) Importer(815301076,1909f56bfc062723c751e8b465ee728b)
Start importing Assets/Scenes/scene jeux/Villa2_Top_Cor_A Variant 6.prefab using Guid(42bcabe0c27de374bb8a897d3765b86a) Importer(815301076,1909f56bfc062723c751e8b465ee728b) [PhysX] Initialized MultithreadedTaskDispatcher with 16 workers.
[PhysX] Initialized MultithreadedTaskDispatcher with 16 workers.
 -> (artifact id: '350823bc818ca376f50f3f10d8a0a915') in 0.065578 seconds
Number of updated asset objects reloaded before import = 0
Number of asset objects unloaded after import = 23
========================================================================
Received Import Request.
  Time since last request: 0.000033 seconds.
  path: Assets/Scenes/scene jeux/Villa2_Floor_Mid_B Variant 13.prefab
  artifactKey: Guid(37ac84dc75f171649b3e5f9dc405c760) Importer(815301076,1909f56bfc062723c751e8b465ee728b)
Start importing Assets/Scenes/scene jeux/Villa2_Floor_Mid_B Variant 13.prefab using Guid(37ac84dc75f171649b3e5f9dc405c760) Importer(815301076,1909f56bfc062723c751e8b465ee728b) [PhysX] Initialized MultithreadedTaskDispatcher with 16 workers.
[PhysX] Initialized MultithreadedTaskDispatcher with 16 workers.
 -> (artifact id: '96f1d88fd31764d2047fc787853db9df') in 0.058712 seconds
Number of updated asset objects reloaded before import = 0
Number of asset objects unloaded after import = 23
========================================================================
Received Import Request.
  Time since last request: 0.000044 seconds.
  path: Assets/Scenes/scene jeux/Villa2_Wall_Int_A Variant 12.prefab
  artifactKey: Guid(c9cfdbc582200f248b343cb8be4e57f9) Importer(815301076,1909f56bfc062723c751e8b465ee728b)
Start importing Assets/Scenes/scene jeux/Villa2_Wall_Int_A Variant 12.prefab using Guid(c9cfdbc582200f248b343cb8be4e57f9) Importer(815301076,1909f56bfc062723c751e8b465ee728b) [PhysX] Initialized MultithreadedTaskDispatcher with 16 workers.
[PhysX] Initialized MultithreadedTaskDispatcher with 16 workers.
 -> (artifact id: 'ec0c7bc9b9b02c4ed6e342a8ddfd2b62') in 0.060048 seconds
Number of updated asset objects reloaded before import = 0
Number of asset objects unloaded after import = 23
========================================================================
Received Import Request.
  Time since last request: 0.000050 seconds.
  path: Assets/Scenes/scene jeux/Villa2_Wall_Int_A Variant 7.prefab
  artifactKey: Guid(15c753c4f3e3689479236091742ed039) Importer(815301076,1909f56bfc062723c751e8b465ee728b)
Start importing Assets/Scenes/scene jeux/Villa2_Wall_Int_A Variant 7.prefab using Guid(15c753c4f3e3689479236091742ed039) Importer(815301076,1909f56bfc062723c751e8b465ee728b) [PhysX] Initialized MultithreadedTaskDispatcher with 16 workers.
[PhysX] Initialized MultithreadedTaskDispatcher with 16 workers.
 -> (artifact id: '771225d742eba2689171c9a6d9111bce') in 0.064106 seconds
Number of updated asset objects reloaded before import = 0
Number of asset objects unloaded after import = 23
========================================================================
Received Import Request.
  Time since last request: 0.000034 seconds.
  path: Assets/Scenes/scene jeux/Villa2_Wall_Int_B Variant 4.prefab
  artifactKey: Guid(28263b8f0127dcd4d9163680d02d9fa7) Importer(815301076,1909f56bfc062723c751e8b465ee728b)
Start importing Assets/Scenes/scene jeux/Villa2_Wall_Int_B Variant 4.prefab using Guid(28263b8f0127dcd4d9163680d02d9fa7) Importer(815301076,1909f56bfc062723c751e8b465ee728b) [PhysX] Initialized MultithreadedTaskDispatcher with 16 workers.
[PhysX] Initialized MultithreadedTaskDispatcher with 16 workers.
 -> (artifact id: 'ae49bb105897129eaf291b8c3c9aaa78') in 0.070415 seconds
Number of updated asset objects reloaded before import = 0
Number of asset objects unloaded after import = 23
========================================================================
Received Import Request.
  Time since last request: 0.000038 seconds.
  path: Assets/Scenes/scene jeux/Villa2_Floor_Mid_A_4x Variant 10.prefab
  artifactKey: Guid(1af704545e99af04fa9b80bda00b9163) Importer(815301076,1909f56bfc062723c751e8b465ee728b)
Start importing Assets/Scenes/scene jeux/Villa2_Floor_Mid_A_4x Variant 10.prefab using Guid(1af704545e99af04fa9b80bda00b9163) Importer(815301076,1909f56bfc062723c751e8b465ee728b) [PhysX] Initialized MultithreadedTaskDispatcher with 16 workers.
[PhysX] Initialized MultithreadedTaskDispatcher with 16 workers.
 -> (artifact id: '672adce180ba0f6465891872c60c13c6') in 0.062717 seconds
Number of updated asset objects reloaded before import = 0
Number of asset objects unloaded after import = 23
========================================================================
Received Import Request.
  Time since last request: 0.000079 seconds.
  path: Assets/Scenes/scene jeux/Villa2_Floor_Mid_A Variant 51.prefab
  artifactKey: Guid(700c2cc0e01725e4eae153ad7bc52cb2) Importer(815301076,1909f56bfc062723c751e8b465ee728b)
Start importing Assets/Scenes/scene jeux/Villa2_Floor_Mid_A Variant 51.prefab using Guid(700c2cc0e01725e4eae153ad7bc52cb2) Importer(815301076,1909f56bfc062723c751e8b465ee728b) [PhysX] Initialized MultithreadedTaskDispatcher with 16 workers.
[PhysX] Initialized MultithreadedTaskDispatcher with 16 workers.
 -> (artifact id: '643f57b106ca961f84933a87e07d29e8') in 0.066861 seconds
Number of updated asset objects reloaded before import = 0
Number of asset objects unloaded after import = 23
========================================================================
Received Import Request.
  Time since last request: 0.000027 seconds.
  path: Assets/Scenes/scene jeux/Villa2_Wall_Mid_A Variant 8.prefab
  artifactKey: Guid(3a59dd12c90614d4289ff7dde4179b05) Importer(815301076,1909f56bfc062723c751e8b465ee728b)
Start importing Assets/Scenes/scene jeux/Villa2_Wall_Mid_A Variant 8.prefab using Guid(3a59dd12c90614d4289ff7dde4179b05) Importer(815301076,1909f56bfc062723c751e8b465ee728b) [PhysX] Initialized MultithreadedTaskDispatcher with 16 workers.
[PhysX] Initialized MultithreadedTaskDispatcher with 16 workers.
 -> (artifact id: '557a317bb7d9554c2ffc6bf9b29b1f48') in 0.063643 seconds
Number of updated asset objects reloaded before import = 0
Number of asset objects unloaded after import = 24
========================================================================
Received Import Request.
  Time since last request: 0.000062 seconds.
  path: Assets/Scenes/scene jeux/Villa2_Wall_Mid_E Variant 3.prefab
  artifactKey: Guid(e7485b4376050cd4baff2eeefdab2473) Importer(815301076,1909f56bfc062723c751e8b465ee728b)
Start importing Assets/Scenes/scene jeux/Villa2_Wall_Mid_E Variant 3.prefab using Guid(e7485b4376050cd4baff2eeefdab2473) Importer(815301076,1909f56bfc062723c751e8b465ee728b) [PhysX] Initialized MultithreadedTaskDispatcher with 16 workers.
[PhysX] Initialized MultithreadedTaskDispatcher with 16 workers.
 -> (artifact id: '19e87776784e28f1edad37092c5769ae') in 0.066296 seconds
Number of updated asset objects reloaded before import = 0
Number of asset objects unloaded after import = 23
========================================================================
Received Import Request.
  Time since last request: 0.000044 seconds.
  path: Assets/Scenes/scene jeux/Villa2_Wall_Mid_A Variant 27.prefab
  artifactKey: Guid(158a29c1e31cfd54e940c15e116eb8d9) Importer(815301076,1909f56bfc062723c751e8b465ee728b)
Start importing Assets/Scenes/scene jeux/Villa2_Wall_Mid_A Variant 27.prefab using Guid(158a29c1e31cfd54e940c15e116eb8d9) Importer(815301076,1909f56bfc062723c751e8b465ee728b) [PhysX] Initialized MultithreadedTaskDispatcher with 16 workers.
[PhysX] Initialized MultithreadedTaskDispatcher with 16 workers.
 -> (artifact id: 'd6a5a29d1fb4eb35d86367594bf441b7') in 0.066455 seconds
Number of updated asset objects reloaded before import = 0
Number of asset objects unloaded after import = 24
========================================================================
Received Import Request.
  Time since last request: 0.000100 seconds.
  path: Assets/Scenes/scene jeux/Villa2_Wall_Mid_C Variant 15.prefab
  artifactKey: Guid(bdda102eb0c5bdb4681b2915d80da3f0) Importer(815301076,1909f56bfc062723c751e8b465ee728b)
Start importing Assets/Scenes/scene jeux/Villa2_Wall_Mid_C Variant 15.prefab using Guid(bdda102eb0c5bdb4681b2915d80da3f0) Importer(815301076,1909f56bfc062723c751e8b465ee728b) [PhysX] Initialized MultithreadedTaskDispatcher with 16 workers.
[PhysX] Initialized MultithreadedTaskDispatcher with 16 workers.
 -> (artifact id: '045fbbae74d901454bea3828b8046cab') in 0.064592 seconds
Number of updated asset objects reloaded before import = 0
Number of asset objects unloaded after import = 23
========================================================================
Received Import Request.
  Time since last request: 0.000030 seconds.
  path: Assets/Scenes/scene jeux/Villa2_Wall_Mid_A Variant 2.prefab
  artifactKey: Guid(94f33266bc07f26449df8e684cf24691) Importer(815301076,1909f56bfc062723c751e8b465ee728b)
Start importing Assets/Scenes/scene jeux/Villa2_Wall_Mid_A Variant 2.prefab using Guid(94f33266bc07f26449df8e684cf24691) Importer(815301076,1909f56bfc062723c751e8b465ee728b) [PhysX] Initialized MultithreadedTaskDispatcher with 16 workers.
[PhysX] Initialized MultithreadedTaskDispatcher with 16 workers.
 -> (artifact id: '35b73407d2d3d62b86018b375e2ede3e') in 0.068315 seconds
Number of updated asset objects reloaded before import = 0
Number of asset objects unloaded after import = 24
========================================================================
Received Import Request.
  Time since last request: 0.000063 seconds.
  path: Assets/Scenes/scene jeux/Villa2_Floor_Mid_A_4x Variant 5.prefab
  artifactKey: Guid(9a7b144f792c65043936b335110537e7) Importer(815301076,1909f56bfc062723c751e8b465ee728b)
Start importing Assets/Scenes/scene jeux/Villa2_Floor_Mid_A_4x Variant 5.prefab using Guid(9a7b144f792c65043936b335110537e7) Importer(815301076,1909f56bfc062723c751e8b465ee728b) [PhysX] Initialized MultithreadedTaskDispatcher with 16 workers.
[PhysX] Initialized MultithreadedTaskDispatcher with 16 workers.
 -> (artifact id: '0e3b206bfc18d47ff092502a698f59aa') in 0.067596 seconds
Number of updated asset objects reloaded before import = 0
Number of asset objects unloaded after import = 23
========================================================================
Received Import Request.
  Time since last request: 0.000050 seconds.
  path: Assets/Scenes/scene jeux/Villa2_Top_Mid_A Variant 19.prefab
  artifactKey: Guid(72770707e0594b14c957520226594ce1) Importer(815301076,1909f56bfc062723c751e8b465ee728b)
Start importing Assets/Scenes/scene jeux/Villa2_Top_Mid_A Variant 19.prefab using Guid(72770707e0594b14c957520226594ce1) Importer(815301076,1909f56bfc062723c751e8b465ee728b) [PhysX] Initialized MultithreadedTaskDispatcher with 16 workers.
[PhysX] Initialized MultithreadedTaskDispatcher with 16 workers.
 -> (artifact id: 'ab6dbdcf485cdd2acc893eff30ca76c3') in 0.059321 seconds
Number of updated asset objects reloaded before import = 0
Number of asset objects unloaded after import = 23
========================================================================
Received Import Request.
  Time since last request: 0.000055 seconds.
  path: Assets/Scenes/scene jeux/Villa2_Floor_Mid_A Variant 11.prefab
  artifactKey: Guid(69646d17b540ddd48979120b81a62954) Importer(815301076,1909f56bfc062723c751e8b465ee728b)
Start importing Assets/Scenes/scene jeux/Villa2_Floor_Mid_A Variant 11.prefab using Guid(69646d17b540ddd48979120b81a62954) Importer(815301076,1909f56bfc062723c751e8b465ee728b) [PhysX] Initialized MultithreadedTaskDispatcher with 16 workers.
[PhysX] Initialized MultithreadedTaskDispatcher with 16 workers.
 -> (artifact id: 'e9f9411c36e7ec4afa5adc481a261488') in 0.064693 seconds
Number of updated asset objects reloaded before import = 0
Number of asset objects unloaded after import = 23
========================================================================
Received Import Request.
  Time since last request: 0.000030 seconds.
  path: Assets/Scenes/scene jeux/Villa2_Wall_Cor_B Variant 1.prefab
  artifactKey: Guid(746cf79893a1fbc4ca56171dc514d126) Importer(815301076,1909f56bfc062723c751e8b465ee728b)
Start importing Assets/Scenes/scene jeux/Villa2_Wall_Cor_B Variant 1.prefab using Guid(746cf79893a1fbc4ca56171dc514d126) Importer(815301076,1909f56bfc062723c751e8b465ee728b) [PhysX] Initialized MultithreadedTaskDispatcher with 16 workers.
[PhysX] Initialized MultithreadedTaskDispatcher with 16 workers.
 -> (artifact id: 'ba4664915d6105bbb21efc0dcde40ba9') in 0.062895 seconds
Number of updated asset objects reloaded before import = 0
Number of asset objects unloaded after import = 23
========================================================================
Received Import Request.
  Time since last request: 0.000029 seconds.
  path: Assets/Scenes/scene jeux/Villa2_Wall_Ext_A Variant.prefab
  artifactKey: Guid(4895980c356621640841f024be79d3b7) Importer(815301076,1909f56bfc062723c751e8b465ee728b)
Start importing Assets/Scenes/scene jeux/Villa2_Wall_Ext_A Variant.prefab using Guid(4895980c356621640841f024be79d3b7) Importer(815301076,1909f56bfc062723c751e8b465ee728b) [PhysX] Initialized MultithreadedTaskDispatcher with 16 workers.
[PhysX] Initialized MultithreadedTaskDispatcher with 16 workers.
 -> (artifact id: '2e0e0cdb6486f5db9295ecf0a74df09f') in 0.068274 seconds
Number of updated asset objects reloaded before import = 0
Number of asset objects unloaded after import = 24
========================================================================
Received Import Request.
  Time since last request: 0.000064 seconds.
  path: Assets/Scenes/scene jeux/Villa2_Roof_Mid_A Variant 7.prefab
  artifactKey: Guid(2f8a8afd33e70e64cb2186ed7015234d) Importer(815301076,1909f56bfc062723c751e8b465ee728b)
Start importing Assets/Scenes/scene jeux/Villa2_Roof_Mid_A Variant 7.prefab using Guid(2f8a8afd33e70e64cb2186ed7015234d) Importer(815301076,1909f56bfc062723c751e8b465ee728b) [PhysX] Initialized MultithreadedTaskDispatcher with 16 workers.
[PhysX] Initialized MultithreadedTaskDispatcher with 16 workers.
 -> (artifact id: '0585de7c50befed89ae0defe0b6a474d') in 0.064828 seconds
Number of updated asset objects reloaded before import = 0
Number of asset objects unloaded after import = 23
========================================================================
Received Import Request.
  Time since last request: 0.000102 seconds.
  path: Assets/Scenes/scene jeux/Villa2_Roof_Mid_A Variant 2.prefab
  artifactKey: Guid(c23d4e2b509e2494fa3230f86ae5ff0e) Importer(815301076,1909f56bfc062723c751e8b465ee728b)
Start importing Assets/Scenes/scene jeux/Villa2_Roof_Mid_A Variant 2.prefab using Guid(c23d4e2b509e2494fa3230f86ae5ff0e) Importer(815301076,1909f56bfc062723c751e8b465ee728b) [PhysX] Initialized MultithreadedTaskDispatcher with 16 workers.
[PhysX] Initialized MultithreadedTaskDispatcher with 16 workers.
 -> (artifact id: '283681b368448a4fa27f266800732b93') in 0.065020 seconds
Number of updated asset objects reloaded before import = 0
Number of asset objects unloaded after import = 23
========================================================================
Received Import Request.
  Time since last request: 0.000029 seconds.
  path: Assets/Scenes/scene jeux/Villa2_Roof_Mid_A Variant.prefab
  artifactKey: Guid(60ec5eacb6cbb4c4185959ea66323ae4) Importer(815301076,1909f56bfc062723c751e8b465ee728b)
Start importing Assets/Scenes/scene jeux/Villa2_Roof_Mid_A Variant.prefab using Guid(60ec5eacb6cbb4c4185959ea66323ae4) Importer(815301076,1909f56bfc062723c751e8b465ee728b) [PhysX] Initialized MultithreadedTaskDispatcher with 16 workers.
[PhysX] Initialized MultithreadedTaskDispatcher with 16 workers.
 -> (artifact id: '0bcc41caf73e9224f1fcc256ae9390e9') in 0.067280 seconds
Number of updated asset objects reloaded before import = 0
Number of asset objects unloaded after import = 23
========================================================================
Received Import Request.
  Time since last request: 0.000045 seconds.
  path: Assets/Scenes/scene jeux/Villa2_Wall_Mid_C Variant 2.prefab
  artifactKey: Guid(de1906b7a7c79da46ad4b40aed831bc9) Importer(815301076,1909f56bfc062723c751e8b465ee728b)
Start importing Assets/Scenes/scene jeux/Villa2_Wall_Mid_C Variant 2.prefab using Guid(de1906b7a7c79da46ad4b40aed831bc9) Importer(815301076,1909f56bfc062723c751e8b465ee728b) [PhysX] Initialized MultithreadedTaskDispatcher with 16 workers.
[PhysX] Initialized MultithreadedTaskDispatcher with 16 workers.
 -> (artifact id: '3e1b64d5c81a95b717da002858d5ba66') in 0.058491 seconds
Number of updated asset objects reloaded before import = 0
Number of asset objects unloaded after import = 23
========================================================================
Received Import Request.
  Time since last request: 0.000039 seconds.
  path: Assets/Scenes/scene jeux/Villa2_Top_Cor_C Variant.prefab
  artifactKey: Guid(71f69f4ef28b5a04b8146eda21f278d2) Importer(815301076,1909f56bfc062723c751e8b465ee728b)
Start importing Assets/Scenes/scene jeux/Villa2_Top_Cor_C Variant.prefab using Guid(71f69f4ef28b5a04b8146eda21f278d2) Importer(815301076,1909f56bfc062723c751e8b465ee728b) [PhysX] Initialized MultithreadedTaskDispatcher with 16 workers.
[PhysX] Initialized MultithreadedTaskDispatcher with 16 workers.
 -> (artifact id: '9ad86bd321a9b8f529fdd2b103062374') in 0.065676 seconds
Number of updated asset objects reloaded before import = 0
Number of asset objects unloaded after import = 23
========================================================================
Received Import Request.
  Time since last request: 0.000063 seconds.
  path: Assets/Scenes/scene jeux/Villa2_Wall_Mid_E Variant.prefab
  artifactKey: Guid(cb41312f8e86ada499ba308afb3bde2e) Importer(815301076,1909f56bfc062723c751e8b465ee728b)
Start importing Assets/Scenes/scene jeux/Villa2_Wall_Mid_E Variant.prefab using Guid(cb41312f8e86ada499ba308afb3bde2e) Importer(815301076,1909f56bfc062723c751e8b465ee728b) [PhysX] Initialized MultithreadedTaskDispatcher with 16 workers.
[PhysX] Initialized MultithreadedTaskDispatcher with 16 workers.
 -> (artifact id: '0962758f2f616d04e535fdffdf677987') in 0.063739 seconds
Number of updated asset objects reloaded before import = 0
Number of asset objects unloaded after import = 23
========================================================================
Received Import Request.
  Time since last request: 0.000055 seconds.
  path: Assets/Scenes/scene jeux/Villa2_Floor_Mid_A_4x Variant 1.prefab
  artifactKey: Guid(89a38da738fb1ef40af9142c9f8225c6) Importer(815301076,1909f56bfc062723c751e8b465ee728b)
Start importing Assets/Scenes/scene jeux/Villa2_Floor_Mid_A_4x Variant 1.prefab using Guid(89a38da738fb1ef40af9142c9f8225c6) Importer(815301076,1909f56bfc062723c751e8b465ee728b) [PhysX] Initialized MultithreadedTaskDispatcher with 16 workers.
[PhysX] Initialized MultithreadedTaskDispatcher with 16 workers.
 -> (artifact id: '1449be6fd496cb56e6e4a24f100b86c9') in 0.064628 seconds
Number of updated asset objects reloaded before import = 0
Number of asset objects unloaded after import = 23
========================================================================
Received Import Request.
  Time since last request: 0.000052 seconds.
  path: Assets/Scenes/scene jeux/Villa2_Top_Cor_B Variant 1.prefab
  artifactKey: Guid(c8b0f224c787d2b41b2d21408fd66c83) Importer(815301076,1909f56bfc062723c751e8b465ee728b)
Start importing Assets/Scenes/scene jeux/Villa2_Top_Cor_B Variant 1.prefab using Guid(c8b0f224c787d2b41b2d21408fd66c83) Importer(815301076,1909f56bfc062723c751e8b465ee728b) [PhysX] Initialized MultithreadedTaskDispatcher with 16 workers.
[PhysX] Initialized MultithreadedTaskDispatcher with 16 workers.
 -> (artifact id: 'eb58d4e21ee7eab45d392142b65b42aa') in 0.067996 seconds
Number of updated asset objects reloaded before import = 0
Number of asset objects unloaded after import = 23
========================================================================
Received Import Request.
  Time since last request: 0.000065 seconds.
  path: Assets/Scenes/scene jeux/Villa2_Floor_Mid_A_4x Variant 8.prefab
  artifactKey: Guid(8cf809f624cf3b94f8df38442d4f3d23) Importer(815301076,1909f56bfc062723c751e8b465ee728b)
Start importing Assets/Scenes/scene jeux/Villa2_Floor_Mid_A_4x Variant 8.prefab using Guid(8cf809f624cf3b94f8df38442d4f3d23) Importer(815301076,1909f56bfc062723c751e8b465ee728b) [PhysX] Initialized MultithreadedTaskDispatcher with 16 workers.
[PhysX] Initialized MultithreadedTaskDispatcher with 16 workers.
 -> (artifact id: '81a1d03f62fdf13b998d84a1c4b6585c') in 0.066557 seconds
Number of updated asset objects reloaded before import = 0
Number of asset objects unloaded after import = 23
========================================================================
Received Import Request.
  Time since last request: 0.000074 seconds.
  path: Assets/Scenes/scene jeux/Villa2_Wall_Mid_C Variant 22.prefab
  artifactKey: Guid(b67d5bb28f03a7c409d0b160b8d9405d) Importer(815301076,1909f56bfc062723c751e8b465ee728b)
Start importing Assets/Scenes/scene jeux/Villa2_Wall_Mid_C Variant 22.prefab using Guid(b67d5bb28f03a7c409d0b160b8d9405d) Importer(815301076,1909f56bfc062723c751e8b465ee728b) [PhysX] Initialized MultithreadedTaskDispatcher with 16 workers.
[PhysX] Initialized MultithreadedTaskDispatcher with 16 workers.
 -> (artifact id: 'a75c84dd6d67e48a72352a707606e2c9') in 0.062151 seconds
Number of updated asset objects reloaded before import = 0
Number of asset objects unloaded after import = 23
========================================================================
Received Import Request.
  Time since last request: 0.000065 seconds.
  path: Assets/Scenes/scene jeux/Villa2_Wall_Mid_C Variant 14.prefab
  artifactKey: Guid(3afaad679586b654988e478da0c70041) Importer(815301076,1909f56bfc062723c751e8b465ee728b)
Start importing Assets/Scenes/scene jeux/Villa2_Wall_Mid_C Variant 14.prefab using Guid(3afaad679586b654988e478da0c70041) Importer(815301076,1909f56bfc062723c751e8b465ee728b) [PhysX] Initialized MultithreadedTaskDispatcher with 16 workers.
[PhysX] Initialized MultithreadedTaskDispatcher with 16 workers.
 -> (artifact id: 'cf1005f046154328c215bd78e22b7c84') in 0.069122 seconds
Number of updated asset objects reloaded before import = 0
Number of asset objects unloaded after import = 23
========================================================================
Received Import Request.
  Time since last request: 0.000040 seconds.
  path: Assets/Scenes/scene jeux/Villa2_Top_Cor_C Variant 1.prefab
  artifactKey: Guid(c7ba59c55267ee9428a6b4276f389dd5) Importer(815301076,1909f56bfc062723c751e8b465ee728b)
Start importing Assets/Scenes/scene jeux/Villa2_Top_Cor_C Variant 1.prefab using Guid(c7ba59c55267ee9428a6b4276f389dd5) Importer(815301076,1909f56bfc062723c751e8b465ee728b) [PhysX] Initialized MultithreadedTaskDispatcher with 16 workers.
[PhysX] Initialized MultithreadedTaskDispatcher with 16 workers.
 -> (artifact id: '0383c57c8e584df15ab6015251693b7d') in 0.062739 seconds
Number of updated asset objects reloaded before import = 0
Number of asset objects unloaded after import = 23
========================================================================
Received Import Request.
  Time since last request: 0.000075 seconds.
  path: Assets/Scenes/scene jeux/Villa2_Wall_Mid_A Variant 23.prefab
  artifactKey: Guid(7e1b067b7048afb4dac0f47ab54f01c8) Importer(815301076,1909f56bfc062723c751e8b465ee728b)
Start importing Assets/Scenes/scene jeux/Villa2_Wall_Mid_A Variant 23.prefab using Guid(7e1b067b7048afb4dac0f47ab54f01c8) Importer(815301076,1909f56bfc062723c751e8b465ee728b) [PhysX] Initialized MultithreadedTaskDispatcher with 16 workers.
[PhysX] Initialized MultithreadedTaskDispatcher with 16 workers.
 -> (artifact id: '3b6d7b672c2d6b7f67c6ea04f2c4fb4d') in 0.076515 seconds
Number of updated asset objects reloaded before import = 0
Number of asset objects unloaded after import = 24
========================================================================
Received Import Request.
  Time since last request: 0.000127 seconds.
  path: Assets/Scenes/scene jeux/Villa2_Top_Mid_A Variant 24.prefab
  artifactKey: Guid(fdcbe650529e70743b6bcc7e475319d7) Importer(815301076,1909f56bfc062723c751e8b465ee728b)
Start importing Assets/Scenes/scene jeux/Villa2_Top_Mid_A Variant 24.prefab using Guid(fdcbe650529e70743b6bcc7e475319d7) Importer(815301076,1909f56bfc062723c751e8b465ee728b) [PhysX] Initialized MultithreadedTaskDispatcher with 16 workers.
[PhysX] Initialized MultithreadedTaskDispatcher with 16 workers.
 -> (artifact id: '2480dafc8053cf2ab25be8fd82f04fd6') in 0.172204 seconds
Number of updated asset objects reloaded before import = 0
Number of asset objects unloaded after import = 23
========================================================================
Received Import Request.
  Time since last request: 0.000022 seconds.
  path: Assets/Scenes/scene jeux/Villa2_Wall_Int_A Variant.prefab
  artifactKey: Guid(ea1d7518f97c2e54dbc4130188351a48) Importer(815301076,1909f56bfc062723c751e8b465ee728b)
Start importing Assets/Scenes/scene jeux/Villa2_Wall_Int_A Variant.prefab using Guid(ea1d7518f97c2e54dbc4130188351a48) Importer(815301076,1909f56bfc062723c751e8b465ee728b) [PhysX] Initialized MultithreadedTaskDispatcher with 16 workers.
[PhysX] Initialized MultithreadedTaskDispatcher with 16 workers.
 -> (artifact id: '6fad5f7574e0cd6f03e6099d24623a6b') in 0.073256 seconds
Number of updated asset objects reloaded before import = 0
Number of asset objects unloaded after import = 23
========================================================================
Received Import Request.
  Time since last request: 0.000053 seconds.
  path: Assets/Scenes/scene jeux/Villa2_Wall_Mid_A Variant.prefab
  artifactKey: Guid(e350f07e72c809d4e9c28d7f1bbba6b4) Importer(815301076,1909f56bfc062723c751e8b465ee728b)
Start importing Assets/Scenes/scene jeux/Villa2_Wall_Mid_A Variant.prefab using Guid(e350f07e72c809d4e9c28d7f1bbba6b4) Importer(815301076,1909f56bfc062723c751e8b465ee728b) [PhysX] Initialized MultithreadedTaskDispatcher with 16 workers.
[PhysX] Initialized MultithreadedTaskDispatcher with 16 workers.
 -> (artifact id: '5f46cca2e776c26da3614cdebe126490') in 0.071272 seconds
Number of updated asset objects reloaded before import = 0
Number of asset objects unloaded after import = 24
========================================================================
Received Import Request.
  Time since last request: 0.000073 seconds.
  path: Assets/Scenes/scene jeux/Villa2_Floor_Mid_A Variant 49.prefab
  artifactKey: Guid(b4e1a41e62a19cb48ab3e8f83f6ab91d) Importer(815301076,1909f56bfc062723c751e8b465ee728b)
Start importing Assets/Scenes/scene jeux/Villa2_Floor_Mid_A Variant 49.prefab using Guid(b4e1a41e62a19cb48ab3e8f83f6ab91d) Importer(815301076,1909f56bfc062723c751e8b465ee728b) [PhysX] Initialized MultithreadedTaskDispatcher with 16 workers.
[PhysX] Initialized MultithreadedTaskDispatcher with 16 workers.
 -> (artifact id: '963d65c212cbadf6b08f8dbc1d574b51') in 0.071556 seconds
Number of updated asset objects reloaded before import = 0
Number of asset objects unloaded after import = 23
========================================================================
Received Import Request.
  Time since last request: 0.000034 seconds.
  path: Assets/Scenes/scene jeux/Villa2_Wall_Mid_A Variant 26.prefab
  artifactKey: Guid(511f22d0ddfaab24aaa50b78b136030a) Importer(815301076,1909f56bfc062723c751e8b465ee728b)
Start importing Assets/Scenes/scene jeux/Villa2_Wall_Mid_A Variant 26.prefab using Guid(511f22d0ddfaab24aaa50b78b136030a) Importer(815301076,1909f56bfc062723c751e8b465ee728b) [PhysX] Initialized MultithreadedTaskDispatcher with 16 workers.
[PhysX] Initialized MultithreadedTaskDispatcher with 16 workers.
 -> (artifact id: '29c8ae164cf639bf767b70a6fc73e94b') in 0.063440 seconds
Number of updated asset objects reloaded before import = 0
Number of asset objects unloaded after import = 24
========================================================================
Received Import Request.
  Time since last request: 0.000065 seconds.
  path: Assets/Scenes/scene jeux/Villa2_Top_Mid_A Variant 16.prefab
  artifactKey: Guid(1709406f169d864488edbefa101bb88d) Importer(815301076,1909f56bfc062723c751e8b465ee728b)
Start importing Assets/Scenes/scene jeux/Villa2_Top_Mid_A Variant 16.prefab using Guid(1709406f169d864488edbefa101bb88d) Importer(815301076,1909f56bfc062723c751e8b465ee728b) [PhysX] Initialized MultithreadedTaskDispatcher with 16 workers.
[PhysX] Initialized MultithreadedTaskDispatcher with 16 workers.
 -> (artifact id: 'd123bc05d27132ac863656d02cd796b6') in 0.059236 seconds
Number of updated asset objects reloaded before import = 0
Number of asset objects unloaded after import = 23
========================================================================
Received Import Request.
  Time since last request: 0.000035 seconds.
  path: Assets/Scenes/scene jeux/Villa2_Floor_Mid_A Variant 26.prefab
  artifactKey: Guid(2797bf99df3fcd84d90bf9cbc416edaa) Importer(815301076,1909f56bfc062723c751e8b465ee728b)
Start importing Assets/Scenes/scene jeux/Villa2_Floor_Mid_A Variant 26.prefab using Guid(2797bf99df3fcd84d90bf9cbc416edaa) Importer(815301076,1909f56bfc062723c751e8b465ee728b) [PhysX] Initialized MultithreadedTaskDispatcher with 16 workers.
[PhysX] Initialized MultithreadedTaskDispatcher with 16 workers.
 -> (artifact id: '10bd70c46ae75e44f605653644ad3e69') in 0.061867 seconds
Number of updated asset objects reloaded before import = 0
Number of asset objects unloaded after import = 23
========================================================================
Received Import Request.
  Time since last request: 0.000057 seconds.
  path: Assets/Scenes/scene jeux/Villa2_Wall_Int_A Variant 14.prefab
  artifactKey: Guid(2be3b06becf6d4f40b0fa28eda4157b5) Importer(815301076,1909f56bfc062723c751e8b465ee728b)
Start importing Assets/Scenes/scene jeux/Villa2_Wall_Int_A Variant 14.prefab using Guid(2be3b06becf6d4f40b0fa28eda4157b5) Importer(815301076,1909f56bfc062723c751e8b465ee728b) [PhysX] Initialized MultithreadedTaskDispatcher with 16 workers.
[PhysX] Initialized MultithreadedTaskDispatcher with 16 workers.
 -> (artifact id: '3cf7c5e0b73f3588e1c37d303a14a25c') in 0.066809 seconds
Number of updated asset objects reloaded before import = 0
Number of asset objects unloaded after import = 23
========================================================================
Received Import Request.
  Time since last request: 0.000060 seconds.
  path: Assets/Scenes/scene jeux/Villa2_Top_Mid_A Variant 8.prefab
  artifactKey: Guid(f0d0ed665dda44144bd2f3b604b8343b) Importer(815301076,1909f56bfc062723c751e8b465ee728b)
Start importing Assets/Scenes/scene jeux/Villa2_Top_Mid_A Variant 8.prefab using Guid(f0d0ed665dda44144bd2f3b604b8343b) Importer(815301076,1909f56bfc062723c751e8b465ee728b) [PhysX] Initialized MultithreadedTaskDispatcher with 16 workers.
[PhysX] Initialized MultithreadedTaskDispatcher with 16 workers.
 -> (artifact id: '80e63eaece9362472f0c474392515c08') in 0.064588 seconds
Number of updated asset objects reloaded before import = 0
Number of asset objects unloaded after import = 23
========================================================================
Received Import Request.
  Time since last request: 0.000040 seconds.
  path: Assets/Scenes/scene jeux/Villa2_Top_Mid_A Variant 2.prefab
  artifactKey: Guid(b23e3af18260329429043c960f0731e9) Importer(815301076,1909f56bfc062723c751e8b465ee728b)
Start importing Assets/Scenes/scene jeux/Villa2_Top_Mid_A Variant 2.prefab using Guid(b23e3af18260329429043c960f0731e9) Importer(815301076,1909f56bfc062723c751e8b465ee728b) [PhysX] Initialized MultithreadedTaskDispatcher with 16 workers.
[PhysX] Initialized MultithreadedTaskDispatcher with 16 workers.
 -> (artifact id: 'fdd5ada79f45b9afc2887c203b638747') in 0.060049 seconds
Number of updated asset objects reloaded before import = 0
Number of asset objects unloaded after import = 23
========================================================================
Received Import Request.
  Time since last request: 0.000089 seconds.
  path: Assets/Scenes/scene jeux/Villa2_Wall_Int_A Variant 13.prefab
  artifactKey: Guid(d1d05849b6f14484aac4fcbcd2230af2) Importer(815301076,1909f56bfc062723c751e8b465ee728b)
Start importing Assets/Scenes/scene jeux/Villa2_Wall_Int_A Variant 13.prefab using Guid(d1d05849b6f14484aac4fcbcd2230af2) Importer(815301076,1909f56bfc062723c751e8b465ee728b) [PhysX] Initialized MultithreadedTaskDispatcher with 16 workers.
[PhysX] Initialized MultithreadedTaskDispatcher with 16 workers.
 -> (artifact id: '6610c4b3cb14ed357a463cb6631cc980') in 0.078462 seconds
Number of updated asset objects reloaded before import = 0
Number of asset objects unloaded after import = 23
========================================================================
Received Import Request.
  Time since last request: 0.000064 seconds.
  path: Assets/Scenes/scene jeux/Villa2_Wall_Mid_C Variant 18.prefab
  artifactKey: Guid(696728d1c1465f140b0adac5aedf1316) Importer(815301076,1909f56bfc062723c751e8b465ee728b)
Start importing Assets/Scenes/scene jeux/Villa2_Wall_Mid_C Variant 18.prefab using Guid(696728d1c1465f140b0adac5aedf1316) Importer(815301076,1909f56bfc062723c751e8b465ee728b) [PhysX] Initialized MultithreadedTaskDispatcher with 16 workers.
[PhysX] Initialized MultithreadedTaskDispatcher with 16 workers.
 -> (artifact id: 'fbabe2ee4e84e5b67de71d7fd426cad2') in 0.069786 seconds
Number of updated asset objects reloaded before import = 0
Number of asset objects unloaded after import = 23
========================================================================
Received Import Request.
  Time since last request: 0.000043 seconds.
  path: Assets/Scenes/scene jeux/Villa2_Wall_Int_B Variant.prefab
  artifactKey: Guid(24764f91f92b19d40a9c65107c6b7ad5) Importer(815301076,1909f56bfc062723c751e8b465ee728b)
Start importing Assets/Scenes/scene jeux/Villa2_Wall_Int_B Variant.prefab using Guid(24764f91f92b19d40a9c65107c6b7ad5) Importer(815301076,1909f56bfc062723c751e8b465ee728b) [PhysX] Initialized MultithreadedTaskDispatcher with 16 workers.
[PhysX] Initialized MultithreadedTaskDispatcher with 16 workers.
 -> (artifact id: 'ac58ad90877bd17cfbece5dc6229de86') in 0.065065 seconds
Number of updated asset objects reloaded before import = 0
Number of asset objects unloaded after import = 23
========================================================================
Received Import Request.
  Time since last request: 0.000099 seconds.
  path: Assets/Scenes/scene jeux/Villa2_Floor_Mid_A Variant 67.prefab
  artifactKey: Guid(d524e8bb81212e842bb6964b42cd83b2) Importer(815301076,1909f56bfc062723c751e8b465ee728b)
Start importing Assets/Scenes/scene jeux/Villa2_Floor_Mid_A Variant 67.prefab using Guid(d524e8bb81212e842bb6964b42cd83b2) Importer(815301076,1909f56bfc062723c751e8b465ee728b) [PhysX] Initialized MultithreadedTaskDispatcher with 16 workers.
[PhysX] Initialized MultithreadedTaskDispatcher with 16 workers.
 -> (artifact id: 'aa98063c1e9f6922c1d560040cc2e471') in 0.066147 seconds
Number of updated asset objects reloaded before import = 0
Number of asset objects unloaded after import = 23
========================================================================
Received Import Request.
  Time since last request: 0.000048 seconds.
  path: Assets/Scenes/scene jeux/Villa2_Roof_Mid_A_4x (6) Variant.prefab
  artifactKey: Guid(b5adb61e67a52a440a880b8c37e79a1d) Importer(815301076,1909f56bfc062723c751e8b465ee728b)
Start importing Assets/Scenes/scene jeux/Villa2_Roof_Mid_A_4x (6) Variant.prefab using Guid(b5adb61e67a52a440a880b8c37e79a1d) Importer(815301076,1909f56bfc062723c751e8b465ee728b) [PhysX] Initialized MultithreadedTaskDispatcher with 16 workers.
[PhysX] Initialized MultithreadedTaskDispatcher with 16 workers.
 -> (artifact id: '81fbe0279a999ab29239904ac0b8e002') in 0.060335 seconds
Number of updated asset objects reloaded before import = 0
Number of asset objects unloaded after import = 23
========================================================================
Received Import Request.
  Time since last request: 0.000048 seconds.
  path: Assets/Scenes/scene jeux/Villa2_Wall_Int_A Variant 2.prefab
  artifactKey: Guid(6920d741abc872e4bb82ae2e18c4304e) Importer(815301076,1909f56bfc062723c751e8b465ee728b)
Start importing Assets/Scenes/scene jeux/Villa2_Wall_Int_A Variant 2.prefab using Guid(6920d741abc872e4bb82ae2e18c4304e) Importer(815301076,1909f56bfc062723c751e8b465ee728b) [PhysX] Initialized MultithreadedTaskDispatcher with 16 workers.
[PhysX] Initialized MultithreadedTaskDispatcher with 16 workers.
 -> (artifact id: '4efd98d1f630fa3a8be42482a311f265') in 0.063308 seconds
Number of updated asset objects reloaded before import = 0
Number of asset objects unloaded after import = 23
========================================================================
Received Import Request.
  Time since last request: 0.000049 seconds.
  path: Assets/Scenes/scene jeux/Villa2_Wall_Cor_A Variant 1.prefab
  artifactKey: Guid(412678a0a9081124b80ce2830847bd46) Importer(815301076,1909f56bfc062723c751e8b465ee728b)
Start importing Assets/Scenes/scene jeux/Villa2_Wall_Cor_A Variant 1.prefab using Guid(412678a0a9081124b80ce2830847bd46) Importer(815301076,1909f56bfc062723c751e8b465ee728b) [PhysX] Initialized MultithreadedTaskDispatcher with 16 workers.
[PhysX] Initialized MultithreadedTaskDispatcher with 16 workers.
 -> (artifact id: '35500c72a8e684c136b5f8402d842ddf') in 0.077779 seconds
Number of updated asset objects reloaded before import = 0
Number of asset objects unloaded after import = 24
========================================================================
Received Import Request.
  Time since last request: 0.000084 seconds.
  path: Assets/Scenes/scene jeux/Villa2_Roof_Mid_A Variant 4.prefab
  artifactKey: Guid(52f3cf22de55b5e45885e599e457a564) Importer(815301076,1909f56bfc062723c751e8b465ee728b)
Start importing Assets/Scenes/scene jeux/Villa2_Roof_Mid_A Variant 4.prefab using Guid(52f3cf22de55b5e45885e599e457a564) Importer(815301076,1909f56bfc062723c751e8b465ee728b) [PhysX] Initialized MultithreadedTaskDispatcher with 16 workers.
[PhysX] Initialized MultithreadedTaskDispatcher with 16 workers.
 -> (artifact id: 'eb88e781a1439ae24b0074bd13d66536') in 0.068022 seconds
Number of updated asset objects reloaded before import = 0
Number of asset objects unloaded after import = 23
========================================================================
Received Import Request.
  Time since last request: 0.000049 seconds.
  path: Assets/Scenes/scene jeux/Villa2_Floor_Mid_A_4x (6) Variant.prefab
  artifactKey: Guid(912897a44915eac4a861054c8ebe243b) Importer(815301076,1909f56bfc062723c751e8b465ee728b)
Start importing Assets/Scenes/scene jeux/Villa2_Floor_Mid_A_4x (6) Variant.prefab using Guid(912897a44915eac4a861054c8ebe243b) Importer(815301076,1909f56bfc062723c751e8b465ee728b) [PhysX] Initialized MultithreadedTaskDispatcher with 16 workers.
[PhysX] Initialized MultithreadedTaskDispatcher with 16 workers.
 -> (artifact id: 'd9f71555d7d5b70b8e8feb6a8b5f0590') in 0.070059 seconds
Number of updated asset objects reloaded before import = 0
Number of asset objects unloaded after import = 23
========================================================================
Received Import Request.
  Time since last request: 0.000070 seconds.
  path: Assets/Scenes/scene jeux/Villa2_Floor_Mid_A Variant 87.prefab
  artifactKey: Guid(a5d0ea67d83c6eb4b87fb260124a43fa) Importer(815301076,1909f56bfc062723c751e8b465ee728b)
Start importing Assets/Scenes/scene jeux/Villa2_Floor_Mid_A Variant 87.prefab using Guid(a5d0ea67d83c6eb4b87fb260124a43fa) Importer(815301076,1909f56bfc062723c751e8b465ee728b) [PhysX] Initialized MultithreadedTaskDispatcher with 16 workers.
[PhysX] Initialized MultithreadedTaskDispatcher with 16 workers.
 -> (artifact id: '7ac4366ae9b939862a68267433770333') in 0.074286 seconds
Number of updated asset objects reloaded before import = 0
Number of asset objects unloaded after import = 23
========================================================================
Received Import Request.
  Time since last request: 0.000040 seconds.
  path: Assets/Scenes/scene jeux/Villa2_Floor_Mid_A Variant 25.prefab
  artifactKey: Guid(114498204ec505140b3f46252e969f53) Importer(815301076,1909f56bfc062723c751e8b465ee728b)
Start importing Assets/Scenes/scene jeux/Villa2_Floor_Mid_A Variant 25.prefab using Guid(114498204ec505140b3f46252e969f53) Importer(815301076,1909f56bfc062723c751e8b465ee728b) [PhysX] Initialized MultithreadedTaskDispatcher with 16 workers.
[PhysX] Initialized MultithreadedTaskDispatcher with 16 workers.
 -> (artifact id: '4bbf34e6df8dc72349753ebc81619b37') in 0.075498 seconds
Number of updated asset objects reloaded before import = 0
Number of asset objects unloaded after import = 23
========================================================================
Received Import Request.
  Time since last request: 0.000048 seconds.
  path: Assets/Scenes/scene jeux/Villa2_Floor_Mid_A Variant 1.prefab
  artifactKey: Guid(8237cd3dcc7046849a55fc354aea279c) Importer(815301076,1909f56bfc062723c751e8b465ee728b)
Start importing Assets/Scenes/scene jeux/Villa2_Floor_Mid_A Variant 1.prefab using Guid(8237cd3dcc7046849a55fc354aea279c) Importer(815301076,1909f56bfc062723c751e8b465ee728b) [PhysX] Initialized MultithreadedTaskDispatcher with 16 workers.
[PhysX] Initialized MultithreadedTaskDispatcher with 16 workers.
 -> (artifact id: '3cd1fc09aee60c75b0985ac8fb9c94ac') in 0.070997 seconds
Number of updated asset objects reloaded before import = 0
Number of asset objects unloaded after import = 23
========================================================================
Received Import Request.
  Time since last request: 0.000076 seconds.
  path: Assets/Scenes/scene jeux/Villa2_Floor_Mid_A Variant 54.prefab
  artifactKey: Guid(46568df6550d06f4596919980c1c5231) Importer(815301076,1909f56bfc062723c751e8b465ee728b)
Start importing Assets/Scenes/scene jeux/Villa2_Floor_Mid_A Variant 54.prefab using Guid(46568df6550d06f4596919980c1c5231) Importer(815301076,1909f56bfc062723c751e8b465ee728b) [PhysX] Initialized MultithreadedTaskDispatcher with 16 workers.
[PhysX] Initialized MultithreadedTaskDispatcher with 16 workers.
 -> (artifact id: '35e8d92170d67addd0868d6f6e2aa21a') in 0.120588 seconds
Number of updated asset objects reloaded before import = 0
Number of asset objects unloaded after import = 23
========================================================================
Received Import Request.
  Time since last request: 0.000168 seconds.
  path: Assets/Scenes/scene jeux/Villa2_Wall_Int_B Variant 6.prefab
  artifactKey: Guid(8fc7d4692e666154fb690b301753d249) Importer(815301076,1909f56bfc062723c751e8b465ee728b)
Start importing Assets/Scenes/scene jeux/Villa2_Wall_Int_B Variant 6.prefab using Guid(8fc7d4692e666154fb690b301753d249) Importer(815301076,1909f56bfc062723c751e8b465ee728b) [PhysX] Initialized MultithreadedTaskDispatcher with 16 workers.
[PhysX] Initialized MultithreadedTaskDispatcher with 16 workers.
 -> (artifact id: '3af15679728bd7dd4b020afe21847bd7') in 0.152978 seconds
Number of updated asset objects reloaded before import = 0
Number of asset objects unloaded after import = 23
========================================================================
Received Import Request.
  Time since last request: 0.000050 seconds.
  path: Assets/Scenes/scene jeux/Villa2_Wall_Mid_A Variant 10.prefab
  artifactKey: Guid(a90adc7c753b2c64caf415ec23cfb949) Importer(815301076,1909f56bfc062723c751e8b465ee728b)
Start importing Assets/Scenes/scene jeux/Villa2_Wall_Mid_A Variant 10.prefab using Guid(a90adc7c753b2c64caf415ec23cfb949) Importer(815301076,1909f56bfc062723c751e8b465ee728b) [PhysX] Initialized MultithreadedTaskDispatcher with 16 workers.
[PhysX] Initialized MultithreadedTaskDispatcher with 16 workers.
 -> (artifact id: '140054f8eae309f8fa9899f76da98166') in 0.085352 seconds
Number of updated asset objects reloaded before import = 0
Number of asset objects unloaded after import = 24
========================================================================
Received Import Request.
  Time since last request: 0.000040 seconds.
  path: Assets/Scenes/scene jeux/Villa2_Floor_Mid_B Variant 11.prefab
  artifactKey: Guid(a9d5c43aa0628374c951a215d5468961) Importer(815301076,1909f56bfc062723c751e8b465ee728b)
Start importing Assets/Scenes/scene jeux/Villa2_Floor_Mid_B Variant 11.prefab using Guid(a9d5c43aa0628374c951a215d5468961) Importer(815301076,1909f56bfc062723c751e8b465ee728b) [PhysX] Initialized MultithreadedTaskDispatcher with 16 workers.
[PhysX] Initialized MultithreadedTaskDispatcher with 16 workers.
 -> (artifact id: '60200495f70c3485e0fcd5caea4e5ccc') in 0.069885 seconds
Number of updated asset objects reloaded before import = 0
Number of asset objects unloaded after import = 23
========================================================================
Received Import Request.
  Time since last request: 0.000106 seconds.
  path: Assets/Scenes/scene jeux/Villa2_Roof_Mid_A Variant 10.prefab
  artifactKey: Guid(8319077cd43d28f4daff9b5bd038e129) Importer(815301076,1909f56bfc062723c751e8b465ee728b)
Start importing Assets/Scenes/scene jeux/Villa2_Roof_Mid_A Variant 10.prefab using Guid(8319077cd43d28f4daff9b5bd038e129) Importer(815301076,1909f56bfc062723c751e8b465ee728b) [PhysX] Initialized MultithreadedTaskDispatcher with 16 workers.
[PhysX] Initialized MultithreadedTaskDispatcher with 16 workers.
 -> (artifact id: '94fd484fdce4dd98a8dfa786ba2a8e8e') in 0.078045 seconds
Number of updated asset objects reloaded before import = 0
Number of asset objects unloaded after import = 23
========================================================================
Received Import Request.
  Time since last request: 0.000081 seconds.
  path: Assets/Scenes/scene jeux/Villa2_Wall_Mid_A Variant 5.prefab
  artifactKey: Guid(17418858425e4e0449986b73fbb701dd) Importer(815301076,1909f56bfc062723c751e8b465ee728b)
Start importing Assets/Scenes/scene jeux/Villa2_Wall_Mid_A Variant 5.prefab using Guid(17418858425e4e0449986b73fbb701dd) Importer(815301076,1909f56bfc062723c751e8b465ee728b) [PhysX] Initialized MultithreadedTaskDispatcher with 16 workers.
[PhysX] Initialized MultithreadedTaskDispatcher with 16 workers.
 -> (artifact id: '1561a0534cc61dc49dab9a14806f05dc') in 0.075080 seconds
Number of updated asset objects reloaded before import = 0
Number of asset objects unloaded after import = 24
========================================================================
Received Import Request.
  Time since last request: 0.000043 seconds.
  path: Assets/Scenes/scene jeux/Villa2_Wall_Mid_C Variant 6.prefab
  artifactKey: Guid(eec1b4e031138184aaf1fdc51d94d6f1) Importer(815301076,1909f56bfc062723c751e8b465ee728b)
Start importing Assets/Scenes/scene jeux/Villa2_Wall_Mid_C Variant 6.prefab using Guid(eec1b4e031138184aaf1fdc51d94d6f1) Importer(815301076,1909f56bfc062723c751e8b465ee728b) [PhysX] Initialized MultithreadedTaskDispatcher with 16 workers.
[PhysX] Initialized MultithreadedTaskDispatcher with 16 workers.
 -> (artifact id: 'f6bbcc6c1f32363df0f46137877f4951') in 0.065260 seconds
Number of updated asset objects reloaded before import = 0
Number of asset objects unloaded after import = 23
========================================================================
Received Import Request.
  Time since last request: 0.000084 seconds.
  path: Assets/Scenes/scene jeux/Villa2_Floor_Mid_B Variant 8.prefab
  artifactKey: Guid(2dda5c95049e0404a96d5fedafd93478) Importer(815301076,1909f56bfc062723c751e8b465ee728b)
Start importing Assets/Scenes/scene jeux/Villa2_Floor_Mid_B Variant 8.prefab using Guid(2dda5c95049e0404a96d5fedafd93478) Importer(815301076,1909f56bfc062723c751e8b465ee728b) [PhysX] Initialized MultithreadedTaskDispatcher with 16 workers.
[PhysX] Initialized MultithreadedTaskDispatcher with 16 workers.
 -> (artifact id: '2814afa192c7b3c9666423005a67626b') in 0.066111 seconds
Number of updated asset objects reloaded before import = 0
Number of asset objects unloaded after import = 23
========================================================================
Received Import Request.
  Time since last request: 0.000129 seconds.
  path: Assets/Scenes/scene jeux/Villa2_Wall_Mid_C Variant 9.prefab
  artifactKey: Guid(6aeffaac4c702534d8da4fe212d5ed88) Importer(815301076,1909f56bfc062723c751e8b465ee728b)
Start importing Assets/Scenes/scene jeux/Villa2_Wall_Mid_C Variant 9.prefab using Guid(6aeffaac4c702534d8da4fe212d5ed88) Importer(815301076,1909f56bfc062723c751e8b465ee728b) [PhysX] Initialized MultithreadedTaskDispatcher with 16 workers.
[PhysX] Initialized MultithreadedTaskDispatcher with 16 workers.
 -> (artifact id: '1fdcb2f60acecc610807caf0b8783a5a') in 0.068005 seconds
Number of updated asset objects reloaded before import = 0
Number of asset objects unloaded after import = 23
========================================================================
Received Import Request.
  Time since last request: 0.000062 seconds.
  path: Assets/Scenes/scene jeux/Villa2_IntStairs_A Variant.prefab
  artifactKey: Guid(83fc85a1b99f90c4a9a08ee273718456) Importer(815301076,1909f56bfc062723c751e8b465ee728b)
Start importing Assets/Scenes/scene jeux/Villa2_IntStairs_A Variant.prefab using Guid(83fc85a1b99f90c4a9a08ee273718456) Importer(815301076,1909f56bfc062723c751e8b465ee728b) [PhysX] Initialized MultithreadedTaskDispatcher with 16 workers.
[PhysX] Initialized MultithreadedTaskDispatcher with 16 workers.
 -> (artifact id: '08160ca5c0dfad5f62e202da9e553d4f') in 0.068475 seconds
Number of updated asset objects reloaded before import = 0
Number of asset objects unloaded after import = 24
========================================================================
Received Import Request.
  Time since last request: 0.000085 seconds.
  path: Assets/Scenes/scene jeux/Villa2_Wall_Mid_A Variant 4.prefab
  artifactKey: Guid(387b417af13e14f4c9483d088d27c6f6) Importer(815301076,1909f56bfc062723c751e8b465ee728b)
Start importing Assets/Scenes/scene jeux/Villa2_Wall_Mid_A Variant 4.prefab using Guid(387b417af13e14f4c9483d088d27c6f6) Importer(815301076,1909f56bfc062723c751e8b465ee728b) [PhysX] Initialized MultithreadedTaskDispatcher with 16 workers.
[PhysX] Initialized MultithreadedTaskDispatcher with 16 workers.
 -> (artifact id: '1b764e46d26783be250d9d0a9f196260') in 0.066772 seconds
Number of updated asset objects reloaded before import = 0
Number of asset objects unloaded after import = 24
========================================================================
Received Import Request.
  Time since last request: 0.000089 seconds.
  path: Assets/Scenes/scene jeux/Villa2_Floor_Mid_A Variant 69.prefab
  artifactKey: Guid(1cec04952f2986c4db56e28e520dae2b) Importer(815301076,1909f56bfc062723c751e8b465ee728b)
Start importing Assets/Scenes/scene jeux/Villa2_Floor_Mid_A Variant 69.prefab using Guid(1cec04952f2986c4db56e28e520dae2b) Importer(815301076,1909f56bfc062723c751e8b465ee728b) [PhysX] Initialized MultithreadedTaskDispatcher with 16 workers.
[PhysX] Initialized MultithreadedTaskDispatcher with 16 workers.
 -> (artifact id: '7fb4e01258becb086916353822f01271') in 0.065635 seconds
Number of updated asset objects reloaded before import = 0
Number of asset objects unloaded after import = 23
========================================================================
Received Import Request.
  Time since last request: 0.000069 seconds.
  path: Assets/Scenes/scene jeux/Villa2_Floor_Mid_A Variant 89.prefab
  artifactKey: Guid(ea7d2c5e73c34764ab9f3365e33f9195) Importer(815301076,1909f56bfc062723c751e8b465ee728b)
Start importing Assets/Scenes/scene jeux/Villa2_Floor_Mid_A Variant 89.prefab using Guid(ea7d2c5e73c34764ab9f3365e33f9195) Importer(815301076,1909f56bfc062723c751e8b465ee728b) [PhysX] Initialized MultithreadedTaskDispatcher with 16 workers.
[PhysX] Initialized MultithreadedTaskDispatcher with 16 workers.
 -> (artifact id: 'da1cd26e61bbb673895ad79410e3fe86') in 0.092381 seconds
Number of updated asset objects reloaded before import = 0
Number of asset objects unloaded after import = 23
========================================================================
Received Import Request.
  Time since last request: 0.000042 seconds.
  path: Assets/Scenes/scene jeux/Villa2_Wall_Cor_B Variant.prefab
  artifactKey: Guid(ea0e87bb61bc12f49900cebbcb765391) Importer(815301076,1909f56bfc062723c751e8b465ee728b)
Start importing Assets/Scenes/scene jeux/Villa2_Wall_Cor_B Variant.prefab using Guid(ea0e87bb61bc12f49900cebbcb765391) Importer(815301076,1909f56bfc062723c751e8b465ee728b) [PhysX] Initialized MultithreadedTaskDispatcher with 16 workers.
[PhysX] Initialized MultithreadedTaskDispatcher with 16 workers.
 -> (artifact id: '5d644c6e174ecaa2e5e26a3568a28002') in 0.078878 seconds
Number of updated asset objects reloaded before import = 0
Number of asset objects unloaded after import = 23
========================================================================
Received Import Request.
  Time since last request: 0.000073 seconds.
  path: Assets/Scenes/scene jeux/Villa2_Top_Mid_A Variant 25.prefab
  artifactKey: Guid(588d40d2d9a7fe3479a97099a56f070e) Importer(815301076,1909f56bfc062723c751e8b465ee728b)
Start importing Assets/Scenes/scene jeux/Villa2_Top_Mid_A Variant 25.prefab using Guid(588d40d2d9a7fe3479a97099a56f070e) Importer(815301076,1909f56bfc062723c751e8b465ee728b) [PhysX] Initialized MultithreadedTaskDispatcher with 16 workers.
[PhysX] Initialized MultithreadedTaskDispatcher with 16 workers.
 -> (artifact id: 'e619962dddaa23d81c07a80dbafa19bd') in 0.074441 seconds
Number of updated asset objects reloaded before import = 0
Number of asset objects unloaded after import = 23
========================================================================
Received Import Request.
  Time since last request: 0.000050 seconds.
  path: Assets/Scenes/scene jeux/Villa2_Wall_Mid_C Variant.prefab
  artifactKey: Guid(6eea9073bcf057a49a000d38efe2e956) Importer(815301076,1909f56bfc062723c751e8b465ee728b)
Start importing Assets/Scenes/scene jeux/Villa2_Wall_Mid_C Variant.prefab using Guid(6eea9073bcf057a49a000d38efe2e956) Importer(815301076,1909f56bfc062723c751e8b465ee728b) [PhysX] Initialized MultithreadedTaskDispatcher with 16 workers.
[PhysX] Initialized MultithreadedTaskDispatcher with 16 workers.
 -> (artifact id: '42a2a6b5ec91d84a19800d852435d8cf') in 0.075718 seconds
Number of updated asset objects reloaded before import = 0
Number of asset objects unloaded after import = 23
========================================================================
Received Import Request.
  Time since last request: 0.000031 seconds.
  path: Assets/Scenes/scene jeux/Villa2_Wall_Mid_A Variant 11.prefab
  artifactKey: Guid(f0e7bebd05ad97141a05786a8c640302) Importer(815301076,1909f56bfc062723c751e8b465ee728b)
Start importing Assets/Scenes/scene jeux/Villa2_Wall_Mid_A Variant 11.prefab using Guid(f0e7bebd05ad97141a05786a8c640302) Importer(815301076,1909f56bfc062723c751e8b465ee728b) [PhysX] Initialized MultithreadedTaskDispatcher with 16 workers.
[PhysX] Initialized MultithreadedTaskDispatcher with 16 workers.
 -> (artifact id: 'db4d2dd607ef0c42fabad86d666a5906') in 0.055713 seconds
Number of updated asset objects reloaded before import = 0
Number of asset objects unloaded after import = 24
========================================================================
Received Import Request.
  Time since last request: 0.000111 seconds.
  path: Assets/Scenes/scene jeux/Villa2_Floor_Mid_A Variant 66.prefab
  artifactKey: Guid(60521f58ab3bfb241a76dbe5f8300b67) Importer(815301076,1909f56bfc062723c751e8b465ee728b)
Start importing Assets/Scenes/scene jeux/Villa2_Floor_Mid_A Variant 66.prefab using Guid(60521f58ab3bfb241a76dbe5f8300b67) Importer(815301076,1909f56bfc062723c751e8b465ee728b) [PhysX] Initialized MultithreadedTaskDispatcher with 16 workers.
[PhysX] Initialized MultithreadedTaskDispatcher with 16 workers.
 -> (artifact id: '112cc920911e6d28bf33b029cf31e4f2') in 0.062784 seconds
Number of updated asset objects reloaded before import = 0
Number of asset objects unloaded after import = 23
========================================================================
Received Import Request.
  Time since last request: 0.000195 seconds.
  path: Assets/Scenes/scene jeux/Villa2_Wall_Int_B Variant 7.prefab
  artifactKey: Guid(4b28e6f72eb04564f8d549d7b7c0b34b) Importer(815301076,1909f56bfc062723c751e8b465ee728b)
Start importing Assets/Scenes/scene jeux/Villa2_Wall_Int_B Variant 7.prefab using Guid(4b28e6f72eb04564f8d549d7b7c0b34b) Importer(815301076,1909f56bfc062723c751e8b465ee728b) [PhysX] Initialized MultithreadedTaskDispatcher with 16 workers.
[PhysX] Initialized MultithreadedTaskDispatcher with 16 workers.
 -> (artifact id: 'b6716b1adc3e37160cc30b0e19cc7f4f') in 0.062391 seconds
Number of updated asset objects reloaded before import = 0
Number of asset objects unloaded after import = 23
========================================================================
Received Import Request.
  Time since last request: 0.000126 seconds.
  path: Assets/Scenes/scene jeux/Villa2_Wall_Int_B Variant 15.prefab
  artifactKey: Guid(d02443a165a4bb54788fa2082c42eaec) Importer(815301076,1909f56bfc062723c751e8b465ee728b)
Start importing Assets/Scenes/scene jeux/Villa2_Wall_Int_B Variant 15.prefab using Guid(d02443a165a4bb54788fa2082c42eaec) Importer(815301076,1909f56bfc062723c751e8b465ee728b) [PhysX] Initialized MultithreadedTaskDispatcher with 16 workers.
[PhysX] Initialized MultithreadedTaskDispatcher with 16 workers.
 -> (artifact id: '97ea9e70f6e84dd3fdafd5a61228ae04') in 0.068264 seconds
Number of updated asset objects reloaded before import = 0
Number of asset objects unloaded after import = 23
========================================================================
Received Import Request.
  Time since last request: 0.000103 seconds.
  path: Assets/Scenes/scene jeux/Villa2_Wall_Int_A Variant 1.prefab
  artifactKey: Guid(cfeb6361ee78a6e41b4f15871298217f) Importer(815301076,1909f56bfc062723c751e8b465ee728b)
Start importing Assets/Scenes/scene jeux/Villa2_Wall_Int_A Variant 1.prefab using Guid(cfeb6361ee78a6e41b4f15871298217f) Importer(815301076,1909f56bfc062723c751e8b465ee728b) [PhysX] Initialized MultithreadedTaskDispatcher with 16 workers.
[PhysX] Initialized MultithreadedTaskDispatcher with 16 workers.
 -> (artifact id: 'c6bd80bafc6722198ef19c15b8b9d910') in 0.066831 seconds
Number of updated asset objects reloaded before import = 0
Number of asset objects unloaded after import = 23
========================================================================
Received Import Request.
  Time since last request: 0.000057 seconds.
  path: Assets/Scenes/scene jeux/Villa2_Roof_Mid_A_4x (11) Variant.prefab
  artifactKey: Guid(026fcf45ca3ebea48b8822e1bcd27bd1) Importer(815301076,1909f56bfc062723c751e8b465ee728b)
Start importing Assets/Scenes/scene jeux/Villa2_Roof_Mid_A_4x (11) Variant.prefab using Guid(026fcf45ca3ebea48b8822e1bcd27bd1) Importer(815301076,1909f56bfc062723c751e8b465ee728b) [PhysX] Initialized MultithreadedTaskDispatcher with 16 workers.
[PhysX] Initialized MultithreadedTaskDispatcher with 16 workers.
 -> (artifact id: '91a600c2805b8c399de45d6485651f94') in 0.066043 seconds
Number of updated asset objects reloaded before import = 0
Number of asset objects unloaded after import = 23
Editor requested this worker to shutdown with reason: Scaling down because of idle timeout
TcpMessagingSession - receive error: operation aborted. errorcode: 995, details: Lopration dentre/sortie a t abandonne en raison de larrt dun thread ou  la demande dune application.
AssetImportWorker is now disconnected from the server
Process exiting
Exiting without the bug reporter. Application will terminate with return code 0