Using pre-set license
Built from '2022.3/staging' branch; Version is '2022.3.32f1 (c8300dc0a3fa) revision 13119501'; Using compiler version '192829333'; Build Type 'Release'
OS: 'Windows 11  (10.0.22631) 64bit Professional' Language: 'fr' Physical Memory: 16005 MB
BatchMode: 1, IsHumanControllingUs: 0, StartBugReporterOnCrash: 0, Is64bit: 1, IsPro: 1

COMMAND LINE ARGUMENTS:
C:\Program Files\Unity\Hub\Editor\2022.3.32f1\Editor\Unity.exe
-adb2
-batchMode
-noUpm
-name
AssetImportWorker1
-projectPath
C:/Users/Pando/World Attack
-logFile
Logs/AssetImportWorker1.log
-srvPort
53734
Successfully changed project path to: C:/Users/Pando/World Attack
C:/Users/Pando/World Attack
[UnityMemory] Configuration Parameters - Can be set up in boot.config
    "memorysetup-bucket-allocator-granularity=16"
    "memorysetup-bucket-allocator-bucket-count=8"
    "memorysetup-bucket-allocator-block-size=33554432"
    "memorysetup-bucket-allocator-block-count=8"
    "memorysetup-main-allocator-block-size=16777216"
    "memorysetup-thread-allocator-block-size=16777216"
    "memorysetup-gfx-main-allocator-block-size=16777216"
    "memorysetup-gfx-thread-allocator-block-size=16777216"
    "memorysetup-cache-allocator-block-size=4194304"
    "memorysetup-typetree-allocator-block-size=2097152"
    "memorysetup-profiler-bucket-allocator-granularity=16"
    "memorysetup-profiler-bucket-allocator-bucket-count=8"
    "memorysetup-profiler-bucket-allocator-block-size=33554432"
    "memorysetup-profiler-bucket-allocator-block-count=8"
    "memorysetup-profiler-allocator-block-size=16777216"
    "memorysetup-profiler-editor-allocator-block-size=1048576"
    "memorysetup-temp-allocator-size-main=16777216"
    "memorysetup-job-temp-allocator-block-size=2097152"
    "memorysetup-job-temp-allocator-block-size-background=1048576"
    "memorysetup-job-temp-allocator-reduction-small-platforms=262144"
    "memorysetup-allocator-temp-initial-block-size-main=262144"
    "memorysetup-allocator-temp-initial-block-size-worker=262144"
    "memorysetup-temp-allocator-size-background-worker=32768"
    "memorysetup-temp-allocator-size-job-worker=262144"
    "memorysetup-temp-allocator-size-preload-manager=33554432"
    "memorysetup-temp-allocator-size-nav-mesh-worker=65536"
    "memorysetup-temp-allocator-size-audio-worker=65536"
    "memorysetup-temp-allocator-size-cloud-worker=32768"
    "memorysetup-temp-allocator-size-gi-baking-worker=262144"
    "memorysetup-temp-allocator-size-gfx=262144"
Player connection [34120] Host "[IP] 192.168.2.3 [Port] 0 [Flags] 2 [Guid] 2876342076 [EditorId] 2876342076 [Version] 1048832 [Id] WindowsEditor(7,Pandoww) [Debug] 1 [PackageName] WindowsEditor [ProjectName] Editor" joined multi-casting on [225.0.0.222:54997]...

Player connection [34120] Host "[IP] 192.168.2.3 [Port] 0 [Flags] 2 [Guid] 2876342076 [EditorId] 2876342076 [Version] 1048832 [Id] WindowsEditor(7,Pandoww) [Debug] 1 [PackageName] WindowsEditor [ProjectName] Editor" joined alternative multi-casting on [225.0.0.222:34997]...

[PhysX] Initialized MultithreadedTaskDispatcher with 16 workers.
Refreshing native plugins compatible for Editor in 6.48 ms, found 3 plugins.
Preloading 0 native plugins for Editor in 0.00 ms.
Initialize engine version: 2022.3.32f1 (c8300dc0a3fa)
[Subsystems] Discovering subsystems at path C:/Program Files/Unity/Hub/Editor/2022.3.32f1/Editor/Data/Resources/UnitySubsystems
[Subsystems] Discovering subsystems at path C:/Users/Pando/World Attack/Assets
GfxDevice: creating device client; threaded=0; jobified=0
Direct3D:
    Version:  Direct3D 11.0 [level 11.1]
    Renderer: NVIDIA GeForce RTX 3060 Laptop GPU (ID=0x2520)
    Vendor:   NVIDIA
    VRAM:     5996 MB
    Driver:   31.0.15.5212
Initialize mono
Mono path[0] = 'C:/Program Files/Unity/Hub/Editor/2022.3.32f1/Editor/Data/Managed'
Mono path[1] = 'C:/Program Files/Unity/Hub/Editor/2022.3.32f1/Editor/Data/MonoBleedingEdge/lib/mono/unityjit-win32'
Mono config path = 'C:/Program Files/Unity/Hub/Editor/2022.3.32f1/Editor/Data/MonoBleedingEdge/etc'
Using monoOptions --debugger-agent=transport=dt_socket,embedding=1,server=y,suspend=n,address=127.0.0.1:56276
Begin MonoManager ReloadAssembly
Registering precompiled unity dll's ...
Register platform support module: C:/Program Files/Unity/Hub/Editor/2022.3.32f1/Editor/Data/PlaybackEngines/WebGLSupport/UnityEditor.WebGL.Extensions.dll
Register platform support module: C:/Program Files/Unity/Hub/Editor/2022.3.32f1/Editor/Data/PlaybackEngines/AndroidPlayer/UnityEditor.Android.Extensions.dll
Register platform support module: C:/Program Files/Unity/Hub/Editor/2022.3.32f1/Editor/Data/PlaybackEngines/WindowsStandaloneSupport/UnityEditor.WindowsStandalone.Extensions.dll
Registered in 0.007253 seconds.
- Loaded All Assemblies, in  0.299 seconds
Native extension for WindowsStandalone target not found
Native extension for Android target not found
Android Extension - Scanning For ADB Devices 265 ms
Native extension for WebGL target not found
Mono: successfully reloaded assembly
- Finished resetting the current domain, in  0.551 seconds
Domain Reload Profiling: 849ms
	BeginReloadAssembly (90ms)
		ExecutionOrderSort (0ms)
		DisableScriptedObjects (0ms)
		BackupInstance (0ms)
		ReleaseScriptingObjects (0ms)
		CreateAndSetChildDomain (1ms)
	RebuildCommonClasses (25ms)
	RebuildNativeTypeToScriptingClass (8ms)
	initialDomainReloadingComplete (48ms)
	LoadAllAssembliesAndSetupDomain (126ms)
		LoadAssemblies (88ms)
		RebuildTransferFunctionScriptingTraits (0ms)
		AnalyzeDomain (124ms)
			TypeCache.Refresh (123ms)
				TypeCache.ScanAssembly (109ms)
			ScanForSourceGeneratedMonoScriptInfo (0ms)
			ResolveRequiredComponents (0ms)
	FinalizeReload (552ms)
		ReleaseScriptCaches (0ms)
		RebuildScriptCaches (0ms)
		SetupLoadedEditorAssemblies (504ms)
			LogAssemblyErrors (0ms)
			InitializePlatformSupportModulesInManaged (373ms)
			SetLoadedEditorAssemblies (3ms)
			RefreshPlugins (0ms)
			BeforeProcessingInitializeOnLoad (2ms)
			ProcessInitializeOnLoadAttributes (89ms)
			ProcessInitializeOnLoadMethodAttributes (39ms)
			AfterProcessingInitializeOnLoad (0ms)
			EditorAssembliesLoaded (0ms)
		ExecutionOrderSort2 (0ms)
		AwakeInstancesAfterBackupRestoration (0ms)
Script 'Packages/com.unity.ai.navigation/Runtime/HelpUrls.cs' will not be compiled because it exists outside the Assets folder and does not to belong to any assembly definition file.
========================================================================
Worker process is ready to serve import requests
Script 'Packages/com.unity.ai.navigation/Runtime/HelpUrls.cs' will not be compiled because it exists outside the Assets folder and does not to belong to any assembly definition file.
Begin MonoManager ReloadAssembly
- Loaded All Assemblies, in  0.719 seconds
Refreshing native plugins compatible for Editor in 2.73 ms, found 3 plugins.
Native extension for WindowsStandalone target not found
Native extension for Android target not found
Native extension for WebGL target not found
Script 'Packages/com.unity.ai.navigation/Runtime/HelpUrls.cs' will not be compiled because it exists outside the Assets folder and does not to belong to any assembly definition file.
Package Manager log level set to [2]
[Package Manager] Server::EnsureServerProcessIsRunning -- launch failed, reason: Unity was launched with the -noUpm command-line argument
[Package Manager] UpmClient::Send -- Unable to send message (not connected to UPM process).
[Package Manager] Cannot connect to Unity Package Manager local server
Mono: successfully reloaded assembly
- Finished resetting the current domain, in  0.584 seconds
Domain Reload Profiling: 1301ms
	BeginReloadAssembly (129ms)
		ExecutionOrderSort (0ms)
		DisableScriptedObjects (4ms)
		BackupInstance (0ms)
		ReleaseScriptingObjects (0ms)
		CreateAndSetChildDomain (21ms)
	RebuildCommonClasses (26ms)
	RebuildNativeTypeToScriptingClass (8ms)
	initialDomainReloadingComplete (33ms)
	LoadAllAssembliesAndSetupDomain (520ms)
		LoadAssemblies (420ms)
		RebuildTransferFunctionScriptingTraits (0ms)
		AnalyzeDomain (175ms)
			TypeCache.Refresh (150ms)
				TypeCache.ScanAssembly (135ms)
			ScanForSourceGeneratedMonoScriptInfo (17ms)
			ResolveRequiredComponents (7ms)
	FinalizeReload (585ms)
		ReleaseScriptCaches (0ms)
		RebuildScriptCaches (0ms)
		SetupLoadedEditorAssemblies (410ms)
			LogAssemblyErrors (0ms)
			InitializePlatformSupportModulesInManaged (37ms)
			SetLoadedEditorAssemblies (2ms)
			RefreshPlugins (0ms)
			BeforeProcessingInitializeOnLoad (56ms)
			ProcessInitializeOnLoadAttributes (283ms)
			ProcessInitializeOnLoadMethodAttributes (25ms)
			AfterProcessingInitializeOnLoad (6ms)
			EditorAssembliesLoaded (0ms)
		ExecutionOrderSort2 (0ms)
		AwakeInstancesAfterBackupRestoration (6ms)
Launched and connected shader compiler UnityShaderCompiler.exe after 0.06 seconds
Refreshing native plugins compatible for Editor in 2.80 ms, found 3 plugins.
Preloading 0 native plugins for Editor in 0.00 ms.
Unloading 4441 Unused Serialized files (Serialized files now loaded: 0)
Unloading 79 unused Assets / (2.7 MB). Loaded Objects now: 4913.
Memory consumption went from 208.8 MB to 206.0 MB.
Total: 3.942000 ms (FindLiveObjects: 0.292200 ms CreateObjectMapping: 0.117800 ms MarkObjects: 2.583200 ms  DeleteObjects: 0.947800 ms)

AssetImportParameters requested are different than current active one (requested -> active):
  custom:container-demuxer-ogg: 62fdf1f143b41e24485cea50d1cbac27 -> 
  custom:video-codec-MediaFoundation-h265: 746d11721c4dcdbdad8f713fa42b33f4 -> 
  custom:video-decoder-ogg-theora: a1e56fd34408186e4bbccfd4996cb3dc -> 
  custom:framework-win-MediaFoundation: 216162199b28c13a410421893ffa2e32 -> 
  custom:CustomObjectIndexerAttribute: 9a22284fe3817be447336de3de66b15e -> 
  custom:scripting/monoscript/fileName/TrackballAttribute.cs: 8dea8f77de7bd03137cc578af1ea6656 -> b6bebfc375cd859fcabdbe7a117a8817
  custom:container-demuxer-webm: 4f35f7cbe854078d1ac9338744f61a02 -> 
  custom:container-muxer-webm: aa71ff27fc2769a1b78a27578f13a17b -> 
  custom:video-decoder-webm-vp8: 9c59270c3fd7afecdb556c50c9e8de78 -> 
  custom:SearchIndexIgnoredProperties: e643bd26f0fe6173181afceb89e7c659 -> 
  custom:AudioImporter_EditorPlatform: d09bf68614088b80899f8185d706f6e7 -> 
  custom:video-encoder-webm-vp8: eb34c28f22e8b96e1ab97ce403110664 -> 
  custom:audio-decoder-ogg-vorbis: bf7c407c2cedff20999df2af8eb42d56 -> 
  custom:scripting/monoscript/fileName/MinAttribute.cs: a3e7473301291585f4cca024ce307406 -> 04a8151f79cf6bc016fa377feaf7e471
  custom:audio-encoder-webm-vorbis: bf7c407c2cedff20999df2af8eb42d56 -> 
  custom:scripting/monoscript/fileName/ChomperSMBAttack.cs:  -> c71be554b8fcd99aa05a4b1a6cc36cda
  custom:scripting/monoscript/fileName/UnityChanControlScriptWithRgidBody.cs:  -> f93a5d4c41203833745f195667a8d5db
  custom:scripting/monoscript/fileName/SetLocationMixerBehaviour.cs:  -> 208f0ea855c95eb247acd8a13d78b6c8
  custom:scripting/monoscript/fileName/Respawner.cs:  -> b56979029e85ce39de737d223d5b5361
  custom:scripting/monoscript/fileName/PlaySound.cs:  -> a56ff6e1677c1b06e9d53934e28487d7
  custom:scripting/monoscript/fileName/RigidbodyDelayedForce.cs:  -> 327d30525f903cfa253da54d5b50094d
  custom:scripting/monoscript/fileName/TargetDistributor.cs:  -> f97232733c571268f102be893c77b1ca
  custom:scripting/monoscript/fileName/SendOnCollisionExit.cs:  -> 1af5cbc4b379b9cf4328edc395f16939
  custom:scripting/monoscript/fileName/InventoryController.cs:  -> def6c966134ba79a0dcfd2b636531fab
  custom:scripting/monoscript/fileName/SceneReloaderClip.cs:  -> 7eeec1b61142eda8bd63f3df71f7709b
  custom:scripting/monoscript/fileName/AudioSnapshotTrack.cs:  -> ed2000782d1739a5ab5e99521ea87661
  custom:scripting/monoscript/fileName/GameObjectTeleporter.cs:  -> 849d9ecb1488f95f2c4f9933d2908dc5
  custom:scripting/monoscript/fileName/TimeDilationBehaviour.cs:  -> 2a47a54a3c8f27fb70a0495884d523e1
  custom:scripting/monoscript/fileName/SceneReloaderTrack.cs:  -> fc119a13aa9b4ff5086c6e71d1899e67
  custom:scripting/monoscript/fileName/TriggerCommand.cs:  -> da0f505c9af9611d492bb1cfc471fd1e
  custom:scripting/monoscript/fileName/AudioPlayerOnEnable.cs:  -> a2b300a442018580eb454ce4b43db34f
  custom:scripting/monoscript/fileName/MixerSliderLink.cs:  -> 762c0c8f20a5aa96d4ff3a65ed0950c7
  custom:scripting/monoscript/fileName/SpitterSMBHit.cs:  -> 2361de09f7142c07d9d5daa14b72c630
  custom:scripting/monoscript/fileName/CopyShadowMap.cs:  -> fca22384f8dbf7b61b32163f392b9e71
  custom:scripting/monoscript/fileName/LightControlClip.cs:  -> a94673739b1222db71fa76111e74252b
  custom:scripting/monoscript/fileName/UIAutoscroll.cs:  -> c54eb2c5ed548ccf583ed0712521f4da
  custom:scripting/monoscript/fileName/SimpleTranslator.cs:  -> 19d3f120f6e1987c1f80ca50951cc0b1
  custom:scripting/monoscript/fileName/SetCursorMode.cs:  -> f3608000d7fb374df82bb9c59c68f92d
  custom:scripting/monoscript/fileName/GrenadierSMBTurning.cs:  -> 7dc9d1b123f7beb5e4d35f4da3f91c3d
  custom:scripting/monoscript/fileName/GrenadierSMBRangeAttack.cs:  -> edb4ad05643989df1bac12e97446c58e
  custom:scripting/monoscript/fileName/ModulatedLight.cs:  -> 611422cd7da8e1b6768a837d3763cd08
  custom:scripting/monoscript/fileName/SkyboxLookAt.cs:  -> ae72a7ea6d4860ee0f8d33db64d52d87
  custom:scripting/monoscript/fileName/GrenadierBehaviour.cs:  -> 7cc3594174dd58ff3720f8ae79838882
  custom:scripting/monoscript/fileName/TransformTweenTrack.cs:  -> b3921d1f41ddee929b63e0c5ea8cae5c
  custom:scripting/monoscript/fileName/SceneTransitionDestination.cs:  -> 9e4e3f3dcbec8ff8065bbd0c428cdd1e
  custom:scripting/monoscript/fileName/EffectEvents.cs:  -> aa7e80c86ef2ca8fbeccaf8808396fa0
  custom:scripting/monoscript/fileName/TimeMachineBehaviour.cs:  -> 96aeb6102dd017a54c6e915d1750ccaa
  custom:scripting/monoscript/fileName/VignetteModel.cs:  -> ab6733272f937ac0155aab47b4a8e58e
  custom:scripting/monoscript/fileName/CharacterStateSetter.cs:  -> eee25e24be5d10ce86f4f66b0315ad15
  custom:scripting/monoscript/fileName/EyeAdaptationModel.cs:  -> 5bcc92c7d981d480ed07d6af7dd1a959
  custom:scripting/monoscript/fileName/ScreenFaderTrack.cs:  -> f5106af22ad1689581ff1b63d4d1d802
  custom:scripting/monoscript/fileName/PlayAnimation.cs:  -> 59e0104a3c69f3ab5793d245bfcacd1b
  custom:scripting/monoscript/fileName/ChomperSMBSpotted.cs:  -> b4f492bfd8f00b5ca9f78fe554920eaf
  custom:scripting/monoscript/fileName/TimeMachineClip.cs:  -> 65ef1aa0733dc888f3e4645b39b87841
  custom:scripting/monoscript/fileName/NavMeshAgentControlBehaviour.cs:  -> d1e0b654987e670f8f49444014f15fb8
  custom:scripting/monoscript/fileName/TimeDilationClip.cs:  -> cf47e4ba07d08369b85315a94710cac7
  custom:scripting/monoscript/fileName/EllenSetTargetableSMB.cs:  -> 8d3cf45c454a9dc2d9f04c287972ef9b
  custom:scripting/monoscript/fileName/RespawnPlayer.cs:  -> 8c857df718e4e8e6ed65007d2141c0f1
  custom:scripting/monoscript/fileName/BuiltInToNavMeshSurfaceConverterContainer.cs:  -> c40a906f9f99ea8a6c5aaa215767017f
  custom:scripting/monoscript/fileName/RangeWeapon.cs:  -> e0062477e23a99ccb0a415c3c7408637
  custom:scripting/monoscript/fileName/GrenadierSMBIdle.cs:  -> 7959bf7b13a65a84ffa3a38b54268bcc
  custom:scripting/monoscript/fileName/GrenadierGrenade.cs:  -> a8166178315d6df2a2878b7184482626
  custom:scripting/monoscript/fileName/SetLocationTrack.cs:  -> 74334625769db6a3e529dd447a1e8b1b
  custom:scripting/monoscript/fileName/ExampleWheelController.cs:  -> 9600d370c57ff0da5766666ba4365a29
  custom:scripting/monoscript/fileName/GetSetAttribute.cs:  -> b786c1938e0c0f5ecaf463807c2d7653
  custom:scripting/monoscript/fileName/SendOnTriggerExit.cs:  -> f96d49a8795e8ddada71029ddeee10af
  custom:scripting/monoscript/fileName/StandardMaterialEmissionBehaviour.cs:  -> 5e31d3a2755162075d3ad5ca7700543b
  custom:scripting/monoscript/fileName/Spinner.cs:  -> fbd79b057c2b254df7b93dc41f9d4f10
  custom:scripting/monoscript/fileName/SceneLinkedSMB.cs:  -> 67af39520ca16729e715291626e31c12
  custom:scripting/monoscript/fileName/CutsceneScriptControlClip.cs:  -> e1067ed86851355611151ae489f2cef8
  custom:scripting/monoscript/fileName/PrettyListAttribute.cs:  -> d083b7685543f4fa58500f1a0f400dd8
  custom:scripting/monoscript/fileName/PostProcessingContext.cs:  -> be8a0bc1565c6324b1fd40a33f66279b
  custom:scripting/monoscript/fileName/GunnerLightning.cs:  -> 5d6bc8eb52f95d0b0327af502a8585e2
  custom:scripting/monoscript/fileName/TransformExtensions.cs:  -> bfd080261ab91c09337c2d68267e2d73
  custom:scripting/monoscript/fileName/TimeEffect.cs:  -> 27c48beb60bb348e23c5925a51036abc
  custom:scripting/monoscript/fileName/Damageable.DamageMessage.cs:  -> 0cdf409b5aa8d4c25876d72b5c6a3b60
  custom:scripting/monoscript/fileName/LayerMaskExtensions.cs:  -> 1f769462e68b1fc6b2f620a85e347ce5
  custom:scripting/monoscript/fileName/TimeDilationMixerBehaviour.cs:  -> 9db71cea3a357f19f5412255d887380d
  custom:scripting/monoscript/fileName/SendGameCommand.cs:  -> 1f7c660f38e88b73255f7270dc8d35ef
  custom:scripting/monoscript/fileName/SendOnTriggerEnter.cs:  -> eb3290ee35759d7bc381c3581acd0912
  custom:scripting/monoscript/fileName/SpitterBehaviour.cs:  -> 793d8c1c68a874068f778a4d77dfb5c9
  custom:scripting/monoscript/fileName/EyeAdaptationComponent.cs:  -> 0cb2aaf8cdc20c0baee2205168cbc73c
  custom:scripting/monoscript/fileName/CaptureDepthTexture.cs:  -> b0c6d29d58fb8f0016f7ddc2964af6c3
  custom:scripting/monoscript/fileName/FxaaComponent.cs:  -> 9d1fd3efb92e1fef6fd176ee45003f08
  custom:scripting/monoscript/fileName/IDataPersister.cs:  -> c424266d3fd07f88d4086141adcc6822
  custom:scripting/monoscript/fileName/TriggerUnityEvent.cs:  -> 0941fa5922216683e6bfdeaa9745fa48
  custom:scripting/monoscript/fileName/SimpleTransformer.cs:  -> daabac3074c85337ba73b9f8e9f622b7
  custom:scripting/monoscript/fileName/SceneControllerWrapper.cs:  -> 877f51a9ec0498edf4ba2d586ab36fa9
  custom:scripting/monoscript/fileName/SendOnCollisionStay.cs:  -> 9fe62cdf853d4052a6fe3e8937266e8d
  custom:scripting/monoscript/fileName/TranslatedPhrases.cs:  -> 7e4ed170e5ecc793d66b4bbee34b80a7
  custom:scripting/monoscript/fileName/EnemyController.cs:  -> 17d953f52360dcbf3b6ca278cd3efce5
  custom:scripting/monoscript/fileName/Damageable.cs:  -> 467aa81b3f5b212187ca9fa226a954fa
  custom:scripting/monoscript/fileName/SplashScreen.cs:  -> 6c6c37897b93bb9a6c31f7924f0ecb9c
  custom:scripting/monoscript/fileName/PlayerController.cs:  -> 37a16cece6396e977515aab442fd7406
  custom:scripting/monoscript/fileName/GrenadierShield.cs:  -> 35d88396631f933a1c4a46650b3e62e2
  custom:scripting/monoscript/fileName/SendOnBecameInvisible.cs:  -> 3f66a791e6f2aadd5c5aa79f556a1d31
  custom:scripting/monoscript/fileName/SpringManager.cs:  -> 2305b639182e6e0828314a19c0d5a7d0
  custom:scripting/monoscript/fileName/DitheringModel.cs:  -> fa99c50231ddc7ca26b5d6c9a68b4b31
  custom:scripting/monoscript/fileName/NavMeshAgentControlMixerBehaviour.cs:  -> 7b48ffad63e28e2c99eda486e54a5293
  custom:scripting/monoscript/fileName/ScreenshotWithAlpha.cs:  -> 87c1609aaea502adfc0824508fc68043
  custom:scripting/monoscript/fileName/InspectorHelpMessage.cs:  -> 09a5f21cc926daedef8f57b7cbf09ee9
  custom:scripting/monoscript/fileName/TransformTweenClip.cs:  -> ce8bae8ab2e8ac4b99b0d502759d6faf
  custom:scripting/monoscript/fileName/IdleChanger.cs:  -> e2174b8c7f90f2d49a9c826bcd31f625
  custom:scripting/monoscript/fileName/TranslatedText.cs:  -> 72e4f0275df8151cb8f38e2fc503b257
  custom:scripting/monoscript/fileName/ScreenFader.cs:  -> 2d037c6fac3711ecd9202448db85e870
  custom:scripting/monoscript/fileName/LightControlMixerBehaviour.cs:  -> 0fcaed5ba9cc72e85e9f996f47c6994e
  custom:scripting/monoscript/fileName/Readme.cs:  -> 5aedf578fb2663036982fb7b05aaf325
  custom:scripting/monoscript/fileName/SpringBone.cs:  -> 989f2d558f1c00c3b0c7133fbe676485
  custom:scripting/monoscript/fileName/SendOnBecameVisible.cs:  -> de6facf7ac3aa851c5b9723260cdb5a3
  custom:scripting/monoscript/fileName/MaterialSwitcherTrack.cs:  -> 185168775e742bb7b56307df2d9d8c96
  custom:scripting/monoscript/fileName/InteractOnButton.cs:  -> 6d9f5eff35b490c02b4296a40c6d4e5a
  custom:scripting/monoscript/fileName/ScreenFaderClip.cs:  -> c069ccc2530ec9204750ffe25d5deda2
  custom:scripting/monoscript/fileName/PostProcessingProfile.cs:  -> e94a21971fab43a541218a4f91e0403c
  custom:scripting/monoscript/fileName/GameCommandReceiver.cs:  -> 37586b9239f56628e11b93f03d74f71c
  custom:scripting/monoscript/fileName/BatchProcessor.cs:  -> 01727b7b978b842c9e293ae960eff0aa
  custom:scripting/monoscript/fileName/Platform.cs:  -> f5e87bb6be3568326320b6abf33c30f2
  custom:scripting/monoscript/fileName/Projectile.cs:  -> 4896a35ef42203be4936b4174794fb9e
  custom:scripting/monoscript/fileName/BuiltinDebugViewsModel.cs:  -> 4a09809f2c0ed6cca27229b06ce1d289
  custom:scripting/monoscript/fileName/TransformTweenMixerBehaviour.cs:  -> 37456ce2a83d18cd310416f056c5ca19
  custom:scripting/monoscript/fileName/RenderTextureFactory.cs:  -> b11bc916a1a88ed67d986ee69a536511
  custom:scripting/monoscript/fileName/MeleeWeapon.cs:  -> 895b68507b95b662881337387e04b8f2
  custom:scripting/monoscript/fileName/SpringCollider.cs:  -> 611015d43f843d0a8a816baeac1892d3
  custom:scripting/monoscript/fileName/StandardMaterialEmissionClip.cs:  -> 68778946e4e8e63f343d64214cdd374d
  custom:scripting/monoscript/fileName/SendOnCollisionEnter.cs:  -> fab752068ba2713389fa71a60f8a1a33
  custom:scripting/monoscript/fileName/TransformFollow.cs:  -> 9189a17810502cf69ea0f490fd8f0364
  custom:scripting/monoscript/fileName/CutsceneScriptControlMixerBehaviour.cs:  -> f722b438dc1a37627c651367fde87e02
  custom:scripting/monoscript/fileName/CharController_Motor.cs:  -> 95ad6a9e9f41b77ac8821bbc7a22986e
  custom:scripting/monoscript/fileName/RandomAudioPlayer.cs:  -> 36c3e2bd654a83fe16192d2c3f417222
  custom:scripting/monoscript/fileName/ChomperBehavior.cs:  -> daa0a58c596bac511afdbbd0abc89db6
  custom:scripting/monoscript/fileName/ChomperSMBPursuit.cs:  -> 50c817edc233cef5f9b2c0b75b32e7ac
  custom:scripting/monoscript/fileName/DepthOfFieldModel.cs:  -> ab243c09a4b44fd7a53f73051db01cbc
  custom:scripting/monoscript/fileName/NavMeshUpdaterEditor.cs:  -> 169704080eda430978bba61ddedeb304
  custom:scripting/monoscript/fileName/FPSDisplay.cs:  -> 4de2b1268e0d108618b876b31a439b05
  custom:scripting/monoscript/fileName/InteractionTrigger.cs:  -> 8686c92b192eaf0212df6f3d54960e79
  custom:scripting/monoscript/fileName/ColorGradingModel.cs:  -> d1c2ef15f5e9e4868052777d51361b40
  custom:scripting/monoscript/fileName/ScreenSpaceReflectionModel.cs:  -> 507d9c80d381478e1c14f5bfe34012ae
  custom:scripting/monoscript/fileName/ChomperSMBReturn.cs:  -> ae9a75a782556a60ab256df9a9811abc
  custom:scripting/monoscript/fileName/MaterialSwitcherBehaviour.cs:  -> b078248cd7026da002b120e843ad6084
  custom:scripting/monoscript/fileName/StandardMaterialEmissionTrack.cs:  -> 6d830977cb1e398a5b8f6f88498862ff
  custom:scripting/monoscript/fileName/ChomperSMBFall.cs:  -> 0d93dcd47713f0cd68e27e30c215bf3c
  custom:scripting/monoscript/fileName/TrackballGroupAttribute.cs:  -> 6d071733b141a3fb3360b110560ed1cc
  custom:scripting/monoscript/fileName/Collectable.cs:  -> 4f43e12694e7201be9817d8bd195bc84
  custom:scripting/monoscript/fileName/QualitySettingCheck.cs:  -> 76564d7b3a48fe2c8c1f03dddf8e9cf9
  custom:scripting/monoscript/fileName/SimulateParticleSystem.cs:  -> 4e4065a975e5f1580ee60d4fc1f44d3f
  custom:scripting/monoscript/fileName/Collector.cs:  -> 76c91e7ef5eececfad630b6470b336cd
  custom:scripting/monoscript/fileName/CameraShake.cs:  -> 8a7c5f198cd9234678be12680cad366c
  custom:scripting/monoscript/fileName/RandomWind.cs:  -> be31d0f94b239f7e0b4b46a319d3ba3b
  custom:scripting/monoscript/fileName/TextSwitcherMixerBehaviour.cs:  -> 7f42be20fe5c6402bccb2441ee0ece59
  custom:scripting/monoscript/fileName/InteractionCollision.cs:  -> 468cd2f4aeaad607684d432b8ec992fa
  custom:scripting/monoscript/fileName/SavedData.cs:  -> 006c2011cd600d7e8600b3458705bf1c
  custom:scripting/monoscript/fileName/BloomComponent.cs:  -> 755f611bb4d32a54d162192a9fc6dd86
  custom:scripting/monoscript/fileName/MotionBlurComponent.cs:  -> 6cf5a99eefa473d803af3e64f841a0a6
  custom:scripting/monoscript/fileName/WaterFloat.cs:  -> 7ac8cb1106d215ea46d43dade9dd92c7
  custom:scripting/monoscript/fileName/AutoBlink.cs:  -> e719fce70f46c90402d12ff39a4f7365
  custom:scripting/monoscript/fileName/InteractOnTrigger.cs:  -> 5c7dd2f81b0f0994f7c9273b97d7164c
  custom:scripting/monoscript/fileName/TransitionPoint.cs:  -> 9a67f6e869637ea0e26e243c43203d0e
  custom:scripting/monoscript/fileName/ScreenFaderMixerBehaviour.cs:  -> 0b9f78a54c807c6c86048033fc1ca805
  custom:scripting/monoscript/fileName/LightControlTrack.cs:  -> 763227231a71417a1a5ac4e70e61e96d
  custom:scripting/monoscript/fileName/TimeMachineMixerBehaviour.cs:  -> 3c77a1580c8c79da8ba5eec2fdf2f63a
  custom:scripting/monoscript/fileName/BuiltinDebugViewsComponent.cs:  -> 1b8215a7f6eae55c3fc6a97379498db3
  custom:scripting/monoscript/fileName/TimeMachineTrack.cs:  -> 865eab97827c4575593470b4afcb5102
  custom:scripting/monoscript/fileName/IKCtrlRightHand.cs:  -> 3af9bf3fc39d24bcbc842065abcef555
  custom:scripting/monoscript/fileName/OnTeleportEvent.cs:  -> 472cb66d5d851d3525655533eab9edff
  custom:scripting/precompiled-assembly-types:Unity.AI.Navigation.Updater:  -> 1e1818d9378d7390cdbdbec27d5efad4
  custom:scripting/monoscript/fileName/AmbientOcclusionModel.cs:  -> ac26bcd19cab8c88e9b65cb75ee1c356
  custom:scripting/monoscript/fileName/SpitterSMBCooldown.cs:  -> 6a889597c58788490aacb97722d9d031
  custom:scripting/monoscript/fileName/PlayerInput.cs:  -> 593afd13dce9ea6f043a6fe213c456f9
  custom:scripting/monoscript/fileName/AudioSnapshotMixerBehaviour.cs:  -> 88f9394351a23879174c193f16d89fe1
  custom:scripting/monoscript/fileName/RandomStateSMB.cs:  -> 0afbdd156095977a2af9236cfa930103
  custom:scripting/monoscript/fileName/GrenadierSMBPunch.cs:  -> ea09d3b1ac037f1e5afe8595b2905fc4
  custom:scripting/monoscript/fileName/DisableRenderer.cs:  -> 9cd9383a8381a51854f8fab592706848
  custom:scripting/monoscript/fileName/AmbientOcclusionComponent.cs:  -> ae5a7089fb97a5a97a8f11138ce7c9d2
  custom:scripting/monoscript/fileName/GraphicsUtils.cs:  -> f7df21c2acb52bb931f99c0a424b6be0
  custom:scripting/monoscript/fileName/DepthOfFieldComponent.cs:  -> b0afd8f8844e3e4017df6130c14d0dfc
  custom:scripting/monoscript/fileName/TextSwitcherTrack.cs:  -> 0cb912a8bf9a97e23e637d17886f6125
  custom:scripting/monoscript/fileName/ColorGradingCurve.cs:  -> e1e989893ee31e7801923212f0468312
  custom:scripting/monoscript/fileName/StandardMaterialEmissionMixerBehaviour.cs:  -> 89e3e5e107f90ce41277ddbd53a607d1
  custom:scripting/monoscript/fileName/AntialiasingModel.cs:  -> 325b0130eaada61513aeac7b8c97a9d7
  custom:scripting/monoscript/fileName/Teleporter.cs:  -> 653cac49605b7411d71c2ffb708e0a7d
  custom:scripting/monoscript/fileName/ChromaticAberrationModel.cs:  -> 3f166f1ecbc6f39ed2f6b10cbc5b4ba4
  custom:scripting/monoscript/fileName/SceneNameAttribute.cs:  -> 904b65d7e6f3ce1504c75d49cd060d12
  custom:scripting/monoscript/fileName/TimelineTriggerZone.cs:  -> 1af1e1fd55533f524b9f7bd8d4bdd95f
  custom:scripting/monoscript/fileName/SwitchMaterial.cs:  -> 123c1f1fc69d54764feb9f152d291f04
  custom:scripting/monoscript/fileName/SpitterSMBShoot.cs:  -> 94c8d01d944693b10631af54813c9f5a
  custom:scripting/monoscript/fileName/MenuActivityController.cs:  -> c5e87ba1b905cbdc4112eea510955f2c
  custom:scripting/monoscript/fileName/ScreenFaderBehaviour.cs:  -> 60b806abc76c3a143984d4a8f0d4312e
  custom:scripting/monoscript/fileName/TaaComponent.cs:  -> 7c343e97072a6712c3a2b01e75fdb7fa
  custom:scripting/monoscript/fileName/GameplayCounter.cs:  -> 33cf7129da64cd1833f58bdb647ec60e
  custom:scripting/monoscript/fileName/InventoryItem.cs:  -> 9b348b0ec08510598eaa692eda8f6c53
  custom:scripting/monoscript/fileName/LayerCullDistances.cs:  -> aeb7df654cb16cd0b1e3f39e5a6b6cf9
  custom:scripting/monoscript/fileName/ParticleSystemEmit.cs:  -> 7c16c643d86704f67ee58a7418dd3c13
  custom:scripting/monoscript/fileName/FaceUpdate.cs:  -> cab0fb8c8d65ae2e8ae8c5b3a02b4d4b
  custom:scripting/monoscript/fileName/CameraController.cs:  -> e673bdce521e57c8819b15f5854a2942
  custom:scripting/monoscript/fileName/ContactDamager.cs:  -> e697b9c844197efc607f59b47ef04ce5
  custom:scripting/monoscript/fileName/CutsceneScriptControlBehaviour.cs:  -> 4cc2566200a1b4e814992eabe336c866
  custom:scripting/monoscript/fileName/TargetScanner.cs:  -> 77cd36be2f1920b39e3072a7df955c20
  custom:scripting/monoscript/fileName/FootStepEffect.cs:  -> 1aaae365fe270d13a090779d4c3a82dc
  custom:scripting/monoscript/fileName/PostProcessingModel.cs:  -> 2f64caba6afa59bc78865f13b6f9065d
  custom:scripting/monoscript/fileName/KeyUI.cs:  -> 05347358f5ecbc6eb01143bd0ec418fe
  custom:scripting/monoscript/fileName/MaterialSwitcherClip.cs:  -> ca34c1817e84927ba3e2a01afb386bb9
  custom:scripting/monoscript/fileName/SpitterSMBIdle.cs:  -> c8f26e59a28b866640a3c14cf68f12e4
  custom:scripting/monoscript/fileName/ChromaticAberrationComponent.cs:  -> cda95994b71ba23d0c0f0fe0f241aab9
  custom:scripting/monoscript/fileName/SunSkybox.cs:  -> 97c7eba317ad943f74e5e0c26d38d41e
  custom:scripting/monoscript/fileName/CameraSettings.cs:  -> 75ef75a15ea25dd19f6d85df9bb3f35c
  custom:scripting/monoscript/fileName/ChomperSMBIdle.cs:  -> 3545a227cad9bc9a5f27e374acc30f45
  custom:scripting/monoscript/fileName/NavMeshAgentControlClip.cs:  -> 44f2e4bb750ce6d6a6c7ff748e5210ba
  custom:scripting/monoscript/fileName/TimeDilationTrack.cs:  -> 1abc002dce70930dcfd6d5102a48203e
  custom:scripting/monoscript/fileName/SendOnTriggerStay.cs:  -> c6b336fc4d3aacbcd95190c582d4d402
  custom:scripting/monoscript/fileName/FPSTarget.cs:  -> 552e9f12f8576b125d0828a717ec63ec
  custom:scripting/monoscript/fileName/AudioSnapshotClip.cs:  -> 27eebe3f918c4f9edce7b70371ceb2e7
  custom:scripting/monoscript/fileName/ScreenSpaceReflectionComponent.cs:  -> 79ad7ef64576d014e73a91b6c3af0688
  custom:scripting/monoscript/fileName/EllenSpawn.cs:  -> 9a98342a18b9bb3adaa5e1f1af5e6763
  custom:scripting/monoscript/fileName/MotionBlurModel.cs:  -> 4e24ef1d444a45a9e0056ed75c7c7eb7
  custom:scripting/monoscript/fileName/TransformTweenBehaviour.cs:  -> 38476248d583861e517f0afd203b6742
  custom:scripting/monoscript/fileName/PostProcessingComponent.cs:  -> 85236d6b86a55b2f46a14367ab625049
  custom:scripting/monoscript/fileName/SoundTrackVolume.cs:  -> ac59911b540c3e98b1c0e99ff4f28359
  custom:scripting/monoscript/fileName/TextSwitcherBehaviour.cs:  -> 68256d96e2f8da698537c24082064101
  custom:scripting/monoscript/fileName/TextSwitcherClip.cs:  -> 2fde822cdd69a6dbe2320ac8efe14a97
  custom:scripting/monoscript/fileName/SceneReloaderMixerBehaviour.cs:  -> 8044d62c09d8ec6367dd0a3fcc7611a4
  custom:scripting/monoscript/fileName/ChomperSMBHit.cs:  -> 63c7cce20a16427ec3ee3ba2fdb9a78d
  custom:scripting/monoscript/fileName/GameCommandHandler.cs:  -> f3fd93e26a9efbffb3d7a9ecb441683f
  custom:scripting/monoscript/fileName/MaterialFactory.cs:  -> 39b00f1518fc675c62e508eb4bdec486
  custom:scripting/monoscript/fileName/Spit.cs:  -> f684e5d0692eb0a406dccba5433f1708
  custom:scripting/monoscript/fileName/ThirdPersonCamera.cs:  -> 35de7e6ba15e5b9fdadcda09253e7a10
  custom:scripting/monoscript/fileName/SimpleRotator.cs:  -> 6b0677595529cc5848e575b89fcb0c5a
  custom:scripting/monoscript/fileName/SpitterSMBSpotted.cs:  -> faf53027957e390e68eaf929537901cc
  custom:scripting/monoscript/fileName/MessageSystem.cs:  -> bc829f75f2936543a1fec091cc9ffc95
  custom:scripting/monoscript/fileName/ColorGradingComponent.cs:  -> fc28099e3cee649b1f5925a07b57ea96
  custom:scripting/monoscript/fileName/PersistentDataManager.cs:  -> b5578a5283d38bc3f07ce15772aaaad8
  custom:scripting/monoscript/fileName/SpitterSMBFleeing.cs:  -> b51329932b09a196fe0bc6fd21c8c6c2
  custom:scripting/monoscript/fileName/UserLutModel.cs:  -> ce559ad59b29fc066f37249281afd441
  custom:scripting/monoscript/fileName/MaterialSwitcherMixerBehaviour.cs:  -> 2f46529b5e6e15234ce60de62c45253d
  custom:scripting/monoscript/fileName/GrainComponent.cs:  -> fae958f48caa0fab6bcf7f9c48b915e1
  custom:scripting/monoscript/fileName/ScenarioController.cs:  -> 215c8c4f4e29b659c599054f526cf9d7
  custom:scripting/monoscript/fileName/FogComponent.cs:  -> 2dfe6d4c859eabd11b82ff8fc7d7ad22
  custom:scripting/monoscript/fileName/QualitySettingPostprocessProfileSwitch.cs:  -> 3608238099eccc92c80a96a28283e780
  custom:scripting/monoscript/fileName/SetGameObjectActive.cs:  -> f9d934df32088aa97bce927725ac3dc8
  custom:scripting/monoscript/fileName/ReplaceWithRagdoll.cs:  -> 2104abf5a4cb635b28e4212cd771d953
  custom:scripting/monoscript/fileName/DeathVolume.cs:  -> 5da804604b5b897aa5bfd7b5c5b5f5fa
  custom:scripting/monoscript/fileName/LightControlBehaviour.cs:  -> a1aef39299a63bc9e8f2136779eabb39
  custom:scripting/monoscript/fileName/SoundTrack.cs:  -> 6852d2f210ebed980a92f3288ce274c1
  custom:scripting/monoscript/fileName/EllenRespawnEffect.cs:  -> f103b0170c23070b479ea762c28e1d32
  custom:scripting/monoscript/fileName/VignetteComponent.cs:  -> 293deb083808f71d2d18d818ef588272
  custom:scripting/monoscript/fileName/Checkpoint.cs:  -> 9d7c19062aaae7daa7c9646e7709058b
  custom:scripting/monoscript/fileName/Dissolve.cs:  -> a984271db744b45c55b25b377832ea02
  custom:scripting/monoscript/fileName/FogModel.cs:  -> c4cd4da1fb97c7abf787083602f52bf5
  custom:scripting/monoscript/fileName/Translator.cs:  -> e407d75f53125d864ba4b6ec1f476c12
  custom:scripting/monoscript/fileName/SceneReloaderBehaviour.cs:  -> 4e676a3d845a3b8b6cde052d56757c64
  custom:scripting/monoscript/fileName/MirrorReflection.cs:  -> bb13bd541735dd85e11afb485e7e8d0c
  custom:scripting/monoscript/fileName/CheckpointGroup.cs:  -> 1f66a9afc8d18d571811d3f405e97602
  custom:scripting/monoscript/fileName/HealthUI.cs:  -> 7de89f15eae9638cad7ca39b964d3e96
  custom:scripting/monoscript/fileName/SceneController.cs:  -> a8d1648a57d83ab1890df2262409b049
  custom:scripting/monoscript/fileName/GrenadierSMBPursuit.cs:  -> 6770df823772a24319ee894df180dec6
  custom:scripting/monoscript/fileName/ReplaceWithRagdollSMB.cs:  -> 3677c6d459e655b80d441fc5c0f101b0
  custom:scripting/monoscript/fileName/AudioSnapshotBehaviour.cs:  -> 254f9b25d4f09cd1313b2a11e68e5d90
  custom:scripting/monoscript/fileName/SetLocationBehaviour.cs:  -> 6b270c4b4de8768e96da034560a8d133
  custom:scripting/monoscript/fileName/DitheringComponent.cs:  -> 83d905897534466960141b85361bb6b4
  custom:scripting/monoscript/fileName/EffectStateMachineBehavior.cs:  -> fba599058156d68a694f194fc041e61c
  custom:scripting/monoscript/fileName/EllenStaffEffect.cs:  -> ae90eed4edab601efd0d5a7e7a2102b4
  custom:scripting/monoscript/fileName/OpenURL.cs:  -> 4e178d25211b1aafb330dbffd3308b29
  custom:scripting/monoscript/fileName/NavMeshAgentControlTrack.cs:  -> 459da79f666b02d1bec6a1ebecbfbfa2
  custom:scripting/monoscript/fileName/ObjectPooler.cs:  -> 0cdf409b5aa8d4c25876d72b5c6a3b60
  custom:scripting/monoscript/fileName/InteractOnCollision.cs:  -> 737492fc38a56b37d495779c7eb6054d
  custom:scripting/monoscript/fileName/WaterRipple.cs:  -> 2c9664c7c66fd90efefd8aa560af8b58
  custom:scripting/monoscript/fileName/FixedUpdateFollow.cs:  -> 601497552f1c5745722eeaf89b227104
  custom:scripting/monoscript/fileName/StartPlayableDirector.cs:  -> 22d1213fc8e87d8338ed39e28852020c
  custom:scripting/monoscript/fileName/AmbientAudio.cs:  -> 5dee9afd517e6db6dc3861e575fa4ba3
  custom:scripting/monoscript/fileName/EditorCamera.cs:  -> 1892138664735752bc30a61715663aae
  custom:scripting/monoscript/fileName/DamageZone.cs:  -> b525e2880657a062d7566ab341abb1f6
  custom:scripting/monoscript/fileName/StartUI.cs:  -> d63767d4faa387d210fa3ae05e70f068
  custom:scripting/monoscript/fileName/SetAnimatorTrigger.cs:  -> 774b009c755abdb3cafaf838139fe9ee
  custom:scripting/monoscript/fileName/UserLutComponent.cs:  -> 944143ce5f543a40c92ecea777f35ae4
  custom:scripting/precompiled-assembly-types:Assembly-CSharp:  -> f2d57e5e7147a27ac47fe49413019931
  custom:scripting/monoscript/fileName/CutsceneScriptControlTrack.cs:  -> b49d702ae7bcaa56ff8c5a997bcdc7cd
  custom:scripting/monoscript/fileName/DialogueCanvasController.cs:  -> 1c86a1b3f0700649700bc8e911881f79
  custom:scripting/monoscript/fileName/ParticleDeactivator.cs:  -> 6515d262a9df141ae6a90e3bb580e066
  custom:scripting/monoscript/fileName/SnapToGround.cs:  -> 21ae686d24da1def8d0655b12817a3e4
  custom:scripting/monoscript/fileName/SetLocationClip.cs:  -> d919a7f9ca33b647b01b02c9cb17af03
  custom:scripting/monoscript/fileName/PostProcessingBehaviour.cs:  -> b0fbf7f67aeee9a6f7db03386dbc8c1e
  custom:scripting/monoscript/fileName/GlobalShaderSettings.cs:  -> c365ead74880b82b5a23897f888a5920
  custom:scripting/monoscript/fileName/BloomModel.cs:  -> b4ba3e478c2698eb99512ead9d78d360
  custom:scripting/monoscript/fileName/GrainModel.cs:  -> ce4589c9bbcb55f8f632b6617dc5d1f0
  custom:scripting/monoscript/fileName/StartScreenSpriteOffsetter.cs:  -> 6ed6d210c10327b662f3149b9e1d1d77
  custom:scripting/monoscript/fileName/ToggleGameObjectActive.cs:  -> 3fafc356776479c35c95a4a3df09ac3a
  custom:scripting/monoscript/fileName/OriginalPhrases.cs:  -> cd78e47f7e7a515cb7ab0e0d16790f64
========================================================================
Received Import Request.
  Time since last request: 39442.696211 seconds.
  path: Packages/com.unity.ai.navigation/EditorResources/NavigationWindowIcon.png
  artifactKey: Guid(b0172c3ab97e219478711e1fbe9630f2) Importer(815301076,1909f56bfc062723c751e8b465ee728b)
Start importing Packages/com.unity.ai.navigation/EditorResources/NavigationWindowIcon.png using Guid(b0172c3ab97e219478711e1fbe9630f2) Importer(815301076,1909f56bfc062723c751e8b465ee728b) [PhysX] Initialized MultithreadedTaskDispatcher with 16 workers.
[PhysX] Initialized MultithreadedTaskDispatcher with 16 workers.
 -> (artifact id: '6a365de2c7a29f9dbe27107a3bdf5fe6') in 0.056238 seconds
Number of updated asset objects reloaded before import = 0
Number of asset objects unloaded after import = 2
========================================================================
Received Import Request.
  Time since last request: 1.277856 seconds.
  path: Packages/com.unity.ai.navigation/EditorResources/Overlay/d_NavigationOverlay On.png
  artifactKey: Guid(5c5ac68c1bc4e104f9e987b9d1da4556) Importer(815301076,1909f56bfc062723c751e8b465ee728b)
Start importing Packages/com.unity.ai.navigation/EditorResources/Overlay/d_NavigationOverlay On.png using Guid(5c5ac68c1bc4e104f9e987b9d1da4556) Importer(815301076,1909f56bfc062723c751e8b465ee728b) [PhysX] Initialized MultithreadedTaskDispatcher with 16 workers.
[PhysX] Initialized MultithreadedTaskDispatcher with 16 workers.
 -> (artifact id: '3d5e8c3ad773d24ff8166b2447187c13') in 0.014158 seconds
Number of updated asset objects reloaded before import = 0
Number of asset objects unloaded after import = 2
========================================================================
Received Import Request.
  Time since last request: 0.004071 seconds.
  path: Packages/com.unity.ai.navigation/EditorResources/Overlay/d_NavigationOverlay On@32.png
  artifactKey: Guid(b8a654e77ffbbcd4abdda7fdb70fbb9e) Importer(815301076,1909f56bfc062723c751e8b465ee728b)
Start importing Packages/com.unity.ai.navigation/EditorResources/Overlay/d_NavigationOverlay On@32.png using Guid(b8a654e77ffbbcd4abdda7fdb70fbb9e) Importer(815301076,1909f56bfc062723c751e8b465ee728b) [PhysX] Initialized MultithreadedTaskDispatcher with 16 workers.
[PhysX] Initialized MultithreadedTaskDispatcher with 16 workers.
 -> (artifact id: '99587401a6c6c058b385e0331b52b34d') in 0.016339 seconds
Number of updated asset objects reloaded before import = 0
Number of asset objects unloaded after import = 2
========================================================================
Received Import Request.
  Time since last request: 0.000168 seconds.
  path: Packages/com.unity.ai.navigation/EditorResources/Overlay/d_NavigationOverlay On@256.png
  artifactKey: Guid(642f7453935154b44afc516c07b1d009) Importer(815301076,1909f56bfc062723c751e8b465ee728b)
Start importing Packages/com.unity.ai.navigation/EditorResources/Overlay/d_NavigationOverlay On@256.png using Guid(642f7453935154b44afc516c07b1d009) Importer(815301076,1909f56bfc062723c751e8b465ee728b) [PhysX] Initialized MultithreadedTaskDispatcher with 16 workers.
[PhysX] Initialized MultithreadedTaskDispatcher with 16 workers.
 -> (artifact id: '01dedb74a83aa49ab4e0678ebe3b5b07') in 0.017266 seconds
Number of updated asset objects reloaded before import = 0
Number of asset objects unloaded after import = 2
========================================================================
Received Import Request.
  Time since last request: 0.000017 seconds.
  path: Packages/com.unity.ai.navigation/EditorResources/Overlay/d_NavigationOverlay@32.png
  artifactKey: Guid(6f3c566cd9f63c9408d201ea50b51444) Importer(815301076,1909f56bfc062723c751e8b465ee728b)
Start importing Packages/com.unity.ai.navigation/EditorResources/Overlay/d_NavigationOverlay@32.png using Guid(6f3c566cd9f63c9408d201ea50b51444) Importer(815301076,1909f56bfc062723c751e8b465ee728b) [PhysX] Initialized MultithreadedTaskDispatcher with 16 workers.
[PhysX] Initialized MultithreadedTaskDispatcher with 16 workers.
 -> (artifact id: '659b0c4bbcd2ace1d05fc78d2bdf3106') in 0.009713 seconds
Number of updated asset objects reloaded before import = 0
Number of asset objects unloaded after import = 2
========================================================================
Received Import Request.
  Time since last request: 0.000022 seconds.
  path: Packages/com.unity.ai.navigation/EditorResources/Overlay/d_NavigationOverlay On@2x.png
  artifactKey: Guid(a206ff0ddc681e642a2e62fc57a7d51c) Importer(815301076,1909f56bfc062723c751e8b465ee728b)
Start importing Packages/com.unity.ai.navigation/EditorResources/Overlay/d_NavigationOverlay On@2x.png using Guid(a206ff0ddc681e642a2e62fc57a7d51c) Importer(815301076,1909f56bfc062723c751e8b465ee728b) [PhysX] Initialized MultithreadedTaskDispatcher with 16 workers.
[PhysX] Initialized MultithreadedTaskDispatcher with 16 workers.
 -> (artifact id: 'd5360799d2c42068b5d65e652f726054') in 0.007945 seconds
Number of updated asset objects reloaded before import = 0
Number of asset objects unloaded after import = 2
========================================================================
Received Import Request.
  Time since last request: 0.000035 seconds.
  path: Packages/com.unity.ai.navigation/EditorResources/Overlay/NavigationOverlay.png
  artifactKey: Guid(e3f0b16456276c94aab8bd6664208dc3) Importer(815301076,1909f56bfc062723c751e8b465ee728b)
Start importing Packages/com.unity.ai.navigation/EditorResources/Overlay/NavigationOverlay.png using Guid(e3f0b16456276c94aab8bd6664208dc3) Importer(815301076,1909f56bfc062723c751e8b465ee728b) [PhysX] Initialized MultithreadedTaskDispatcher with 16 workers.
[PhysX] Initialized MultithreadedTaskDispatcher with 16 workers.
 -> (artifact id: 'bc3471207495761da83b5bd6e92a07b3') in 0.011227 seconds
Number of updated asset objects reloaded before import = 0
Number of asset objects unloaded after import = 2
========================================================================
Received Import Request.
  Time since last request: 0.000018 seconds.
  path: Packages/com.unity.ai.navigation/EditorResources/Overlay/NavigationOverlay On@2x.png
  artifactKey: Guid(334589c596cc053418f700189f91111c) Importer(815301076,1909f56bfc062723c751e8b465ee728b)
Start importing Packages/com.unity.ai.navigation/EditorResources/Overlay/NavigationOverlay On@2x.png using Guid(334589c596cc053418f700189f91111c) Importer(815301076,1909f56bfc062723c751e8b465ee728b) [PhysX] Initialized MultithreadedTaskDispatcher with 16 workers.
[PhysX] Initialized MultithreadedTaskDispatcher with 16 workers.
 -> (artifact id: '54965a68b7464e858abf2c15ac2920e9') in 0.004974 seconds
Number of updated asset objects reloaded before import = 0
Number of asset objects unloaded after import = 2
========================================================================
Received Import Request.
  Time since last request: 0.000018 seconds.
  path: Packages/com.unity.ai.navigation/EditorResources/Overlay/d_NavigationOverlay On@16.png
  artifactKey: Guid(96c9a57d95a712d44978703ea9dd7f4e) Importer(815301076,1909f56bfc062723c751e8b465ee728b)
Start importing Packages/com.unity.ai.navigation/EditorResources/Overlay/d_NavigationOverlay On@16.png using Guid(96c9a57d95a712d44978703ea9dd7f4e) Importer(815301076,1909f56bfc062723c751e8b465ee728b) [PhysX] Initialized MultithreadedTaskDispatcher with 16 workers.
[PhysX] Initialized MultithreadedTaskDispatcher with 16 workers.
 -> (artifact id: 'a14761de67ad85f62e882b1b49d8265c') in 0.005127 seconds
Number of updated asset objects reloaded before import = 0
Number of asset objects unloaded after import = 2
========================================================================
Received Import Request.
  Time since last request: 0.000014 seconds.
  path: Packages/com.unity.ai.navigation/EditorResources/Overlay/d_NavigationOverlay@64.png
  artifactKey: Guid(1dacc9e843ef1444fad71e40913ef05c) Importer(815301076,1909f56bfc062723c751e8b465ee728b)
Start importing Packages/com.unity.ai.navigation/EditorResources/Overlay/d_NavigationOverlay@64.png using Guid(1dacc9e843ef1444fad71e40913ef05c) Importer(815301076,1909f56bfc062723c751e8b465ee728b) [PhysX] Initialized MultithreadedTaskDispatcher with 16 workers.
[PhysX] Initialized MultithreadedTaskDispatcher with 16 workers.
 -> (artifact id: 'cacb44c47c7243859d5e9d5a838de5a9') in 0.010982 seconds
Number of updated asset objects reloaded before import = 0
Number of asset objects unloaded after import = 2
========================================================================
Received Import Request.
  Time since last request: 0.000091 seconds.
  path: Packages/com.unity.ai.navigation/EditorResources/Overlay/d_NavigationOverlay@16.png
  artifactKey: Guid(8d8d1929f2279804e8a744d3da25e23b) Importer(815301076,1909f56bfc062723c751e8b465ee728b)
Start importing Packages/com.unity.ai.navigation/EditorResources/Overlay/d_NavigationOverlay@16.png using Guid(8d8d1929f2279804e8a744d3da25e23b) Importer(815301076,1909f56bfc062723c751e8b465ee728b) [PhysX] Initialized MultithreadedTaskDispatcher with 16 workers.
[PhysX] Initialized MultithreadedTaskDispatcher with 16 workers.
 -> (artifact id: 'f15563720d0deb562ef024cc17307120') in 0.004245 seconds
Number of updated asset objects reloaded before import = 0
Number of asset objects unloaded after import = 2
========================================================================
Received Import Request.
  Time since last request: 0.000024 seconds.
  path: Packages/com.unity.ai.navigation/EditorResources/Overlay/NavigationOverlay@32.png
  artifactKey: Guid(f9a2f623ba32a844da6de770f5ccf17f) Importer(815301076,1909f56bfc062723c751e8b465ee728b)
Start importing Packages/com.unity.ai.navigation/EditorResources/Overlay/NavigationOverlay@32.png using Guid(f9a2f623ba32a844da6de770f5ccf17f) Importer(815301076,1909f56bfc062723c751e8b465ee728b) [PhysX] Initialized MultithreadedTaskDispatcher with 16 workers.
[PhysX] Initialized MultithreadedTaskDispatcher with 16 workers.
 -> (artifact id: '04742adfe84fa1549cda8d9abf46c356') in 0.004565 seconds
Number of updated asset objects reloaded before import = 0
Number of asset objects unloaded after import = 2
========================================================================
Received Import Request.
  Time since last request: 0.000013 seconds.
  path: Packages/com.unity.ai.navigation/EditorResources/Overlay/NavigationOverlay@128.png
  artifactKey: Guid(1b6bf0e7b03fea94987a73d0cb14781b) Importer(815301076,1909f56bfc062723c751e8b465ee728b)
Start importing Packages/com.unity.ai.navigation/EditorResources/Overlay/NavigationOverlay@128.png using Guid(1b6bf0e7b03fea94987a73d0cb14781b) Importer(815301076,1909f56bfc062723c751e8b465ee728b) [PhysX] Initialized MultithreadedTaskDispatcher with 16 workers.
[PhysX] Initialized MultithreadedTaskDispatcher with 16 workers.
 -> (artifact id: 'daa357f6a433437fb34eeecd0fc690db') in 0.016427 seconds
Number of updated asset objects reloaded before import = 0
Number of asset objects unloaded after import = 2
========================================================================
Received Import Request.
  Time since last request: 0.000029 seconds.
  path: Packages/com.unity.ai.navigation/EditorResources/Overlay/NavigationOverlay On@64.png
  artifactKey: Guid(151753cf3d5916d4fbf624668c268675) Importer(815301076,1909f56bfc062723c751e8b465ee728b)
Start importing Packages/com.unity.ai.navigation/EditorResources/Overlay/NavigationOverlay On@64.png using Guid(151753cf3d5916d4fbf624668c268675) Importer(815301076,1909f56bfc062723c751e8b465ee728b) [PhysX] Initialized MultithreadedTaskDispatcher with 16 workers.
[PhysX] Initialized MultithreadedTaskDispatcher with 16 workers.
 -> (artifact id: '56ff97840ae85e80c0c1f441da907409') in 0.013449 seconds
Number of updated asset objects reloaded before import = 0
Number of asset objects unloaded after import = 2
========================================================================
Received Import Request.
  Time since last request: 0.000016 seconds.
  path: Packages/com.unity.ai.navigation/EditorResources/Overlay/d_NavigationOverlay On@64.png
  artifactKey: Guid(b3cd430fb0ffe164fa829262bb9e1d4b) Importer(815301076,1909f56bfc062723c751e8b465ee728b)
Start importing Packages/com.unity.ai.navigation/EditorResources/Overlay/d_NavigationOverlay On@64.png using Guid(b3cd430fb0ffe164fa829262bb9e1d4b) Importer(815301076,1909f56bfc062723c751e8b465ee728b) [PhysX] Initialized MultithreadedTaskDispatcher with 16 workers.
[PhysX] Initialized MultithreadedTaskDispatcher with 16 workers.
 -> (artifact id: '715c47c7a48b12d560340910b47b36fd') in 0.005521 seconds
Number of updated asset objects reloaded before import = 0
Number of asset objects unloaded after import = 2
========================================================================
Received Prepare
Script 'Packages/com.unity.ai.navigation/Runtime/HelpUrls.cs' will not be compiled because it exists outside the Assets folder and does not to belong to any assembly definition file.
Script 'Packages/com.unity.ai.navigation/Runtime/HelpUrls.cs' will not be compiled because it exists outside the Assets folder and does not to belong to any assembly definition file.
Begin MonoManager ReloadAssembly
- Loaded All Assemblies, in  0.480 seconds
Refreshing native plugins compatible for Editor in 3.14 ms, found 3 plugins.
Native extension for WindowsStandalone target not found
Native extension for Android target not found
Native extension for WebGL target not found
Script 'Packages/com.unity.ai.navigation/Runtime/HelpUrls.cs' will not be compiled because it exists outside the Assets folder and does not to belong to any assembly definition file.
[Package Manager] Server::EnsureServerProcessIsRunning -- launch failed, reason: Unity was launched with the -noUpm command-line argument
[Package Manager] UpmClient::Send -- Unable to send message (not connected to UPM process).
[Package Manager] Cannot connect to Unity Package Manager local server
Mono: successfully reloaded assembly
- Finished resetting the current domain, in  0.990 seconds
Domain Reload Profiling: 1467ms
	BeginReloadAssembly (169ms)
		ExecutionOrderSort (0ms)
		DisableScriptedObjects (4ms)
		BackupInstance (0ms)
		ReleaseScriptingObjects (0ms)
		CreateAndSetChildDomain (38ms)
	RebuildCommonClasses (35ms)
	RebuildNativeTypeToScriptingClass (15ms)
	initialDomainReloadingComplete (26ms)
	LoadAllAssembliesAndSetupDomain (232ms)
		LoadAssemblies (288ms)
		RebuildTransferFunctionScriptingTraits (0ms)
		AnalyzeDomain (35ms)
			TypeCache.Refresh (16ms)
				TypeCache.ScanAssembly (3ms)
			ScanForSourceGeneratedMonoScriptInfo (9ms)
			ResolveRequiredComponents (8ms)
	FinalizeReload (990ms)
		ReleaseScriptCaches (0ms)
		RebuildScriptCaches (0ms)
		SetupLoadedEditorAssemblies (489ms)
			LogAssemblyErrors (0ms)
			InitializePlatformSupportModulesInManaged (27ms)
			SetLoadedEditorAssemblies (2ms)
			RefreshPlugins (0ms)
			BeforeProcessingInitializeOnLoad (68ms)
			ProcessInitializeOnLoadAttributes (350ms)
			ProcessInitializeOnLoadMethodAttributes (33ms)
			AfterProcessingInitializeOnLoad (9ms)
			EditorAssembliesLoaded (0ms)
		ExecutionOrderSort2 (0ms)
		AwakeInstancesAfterBackupRestoration (12ms)
Refreshing native plugins compatible for Editor in 2.85 ms, found 3 plugins.
Preloading 0 native plugins for Editor in 0.00 ms.
Unloading 4300 Unused Serialized files (Serialized files now loaded: 0)
Unloading 70 unused Assets / (2.7 MB). Loaded Objects now: 4917.
Memory consumption went from 181.2 MB to 178.5 MB.
Total: 2.956400 ms (FindLiveObjects: 0.249800 ms CreateObjectMapping: 0.120400 ms MarkObjects: 2.082100 ms  DeleteObjects: 0.502900 ms)

Prepare: number of updated asset objects reloaded= 0
AssetImportParameters requested are different than current active one (requested -> active):
  custom:container-demuxer-ogg: 62fdf1f143b41e24485cea50d1cbac27 -> 
  custom:video-codec-MediaFoundation-h265: 746d11721c4dcdbdad8f713fa42b33f4 -> 
  custom:video-decoder-ogg-theora: a1e56fd34408186e4bbccfd4996cb3dc -> 
  custom:framework-win-MediaFoundation: 216162199b28c13a410421893ffa2e32 -> 
  custom:CustomObjectIndexerAttribute: 9a22284fe3817be447336de3de66b15e -> 
  custom:container-demuxer-webm: 4f35f7cbe854078d1ac9338744f61a02 -> 
  custom:container-muxer-webm: aa71ff27fc2769a1b78a27578f13a17b -> 
  custom:video-decoder-webm-vp8: 9c59270c3fd7afecdb556c50c9e8de78 -> 
  custom:SearchIndexIgnoredProperties: e643bd26f0fe6173181afceb89e7c659 -> 
  custom:AudioImporter_EditorPlatform: d09bf68614088b80899f8185d706f6e7 -> 
  custom:video-encoder-webm-vp8: eb34c28f22e8b96e1ab97ce403110664 -> 
  custom:audio-decoder-ogg-vorbis: bf7c407c2cedff20999df2af8eb42d56 -> 
  custom:audio-encoder-webm-vorbis: bf7c407c2cedff20999df2af8eb42d56 -> 
  custom:scripting/monoscript/fileName/BuiltInToNavMeshSurfaceConverterContainer.cs:  -> c40a906f9f99ea8a6c5aaa215767017f
  custom:scripting/monoscript/fileName/NavMeshUpdaterEditor.cs:  -> 169704080eda430978bba61ddedeb304
========================================================================
Received Prepare
Script 'Packages/com.unity.ai.navigation/Runtime/HelpUrls.cs' will not be compiled because it exists outside the Assets folder and does not to belong to any assembly definition file.
Script 'Packages/com.unity.ai.navigation/Runtime/HelpUrls.cs' will not be compiled because it exists outside the Assets folder and does not to belong to any assembly definition file.
Begin MonoManager ReloadAssembly
- Loaded All Assemblies, in  0.406 seconds
Refreshing native plugins compatible for Editor in 3.23 ms, found 3 plugins.
Native extension for WindowsStandalone target not found
Native extension for Android target not found
Native extension for WebGL target not found
Script 'Packages/com.unity.ai.navigation/Runtime/HelpUrls.cs' will not be compiled because it exists outside the Assets folder and does not to belong to any assembly definition file.
[Package Manager] Server::EnsureServerProcessIsRunning -- launch failed, reason: Unity was launched with the -noUpm command-line argument
[Package Manager] UpmClient::Send -- Unable to send message (not connected to UPM process).
[Package Manager] Cannot connect to Unity Package Manager local server
Mono: successfully reloaded assembly
- Finished resetting the current domain, in  1.099 seconds
Domain Reload Profiling: 1502ms
	BeginReloadAssembly (137ms)
		ExecutionOrderSort (0ms)
		DisableScriptedObjects (5ms)
		BackupInstance (0ms)
		ReleaseScriptingObjects (0ms)
		CreateAndSetChildDomain (31ms)
	RebuildCommonClasses (30ms)
	RebuildNativeTypeToScriptingClass (8ms)
	initialDomainReloadingComplete (26ms)
	LoadAllAssembliesAndSetupDomain (202ms)
		LoadAssemblies (248ms)
		RebuildTransferFunctionScriptingTraits (0ms)
		AnalyzeDomain (25ms)
			TypeCache.Refresh (9ms)
				TypeCache.ScanAssembly (0ms)
			ScanForSourceGeneratedMonoScriptInfo (0ms)
			ResolveRequiredComponents (14ms)
	FinalizeReload (1099ms)
		ReleaseScriptCaches (0ms)
		RebuildScriptCaches (0ms)
		SetupLoadedEditorAssemblies (575ms)
			LogAssemblyErrors (0ms)
			InitializePlatformSupportModulesInManaged (22ms)
			SetLoadedEditorAssemblies (4ms)
			RefreshPlugins (0ms)
			BeforeProcessingInitializeOnLoad (57ms)
			ProcessInitializeOnLoadAttributes (469ms)
			ProcessInitializeOnLoadMethodAttributes (19ms)
			AfterProcessingInitializeOnLoad (5ms)
			EditorAssembliesLoaded (0ms)
		ExecutionOrderSort2 (0ms)
		AwakeInstancesAfterBackupRestoration (6ms)
Refreshing native plugins compatible for Editor in 4.54 ms, found 3 plugins.
Preloading 0 native plugins for Editor in 0.00 ms.
Unloading 4300 Unused Serialized files (Serialized files now loaded: 0)
Unloading 51 unused Assets / (2.7 MB). Loaded Objects now: 4932.
Memory consumption went from 181.2 MB to 178.5 MB.
Total: 5.454600 ms (FindLiveObjects: 0.401900 ms CreateObjectMapping: 0.353400 ms MarkObjects: 3.611000 ms  DeleteObjects: 1.086600 ms)

Prepare: number of updated asset objects reloaded= 0
AssetImportParameters requested are different than current active one (requested -> active):
  custom:container-demuxer-ogg: 62fdf1f143b41e24485cea50d1cbac27 -> 
  custom:video-codec-MediaFoundation-h265: 746d11721c4dcdbdad8f713fa42b33f4 -> 
  custom:video-decoder-ogg-theora: a1e56fd34408186e4bbccfd4996cb3dc -> 
  custom:framework-win-MediaFoundation: 216162199b28c13a410421893ffa2e32 -> 
  custom:CustomObjectIndexerAttribute: 9a22284fe3817be447336de3de66b15e -> 
  custom:container-demuxer-webm: 4f35f7cbe854078d1ac9338744f61a02 -> 
  custom:container-muxer-webm: aa71ff27fc2769a1b78a27578f13a17b -> 
  custom:video-decoder-webm-vp8: 9c59270c3fd7afecdb556c50c9e8de78 -> 
  custom:SearchIndexIgnoredProperties: e643bd26f0fe6173181afceb89e7c659 -> 
  custom:AudioImporter_EditorPlatform: d09bf68614088b80899f8185d706f6e7 -> 
  custom:video-encoder-webm-vp8: eb34c28f22e8b96e1ab97ce403110664 -> 
  custom:audio-decoder-ogg-vorbis: bf7c407c2cedff20999df2af8eb42d56 -> 
  custom:audio-encoder-webm-vorbis: bf7c407c2cedff20999df2af8eb42d56 -> 
  custom:scripting/monoscript/fileName/BuiltInToNavMeshSurfaceConverterContainer.cs:  -> c40a906f9f99ea8a6c5aaa215767017f
  custom:scripting/monoscript/fileName/NavMeshUpdaterEditor.cs:  -> 169704080eda430978bba61ddedeb304
Editor requested this worker to shutdown with reason: Scaling down because of idle timeout
TcpMessagingSession - receive error: operation aborted. errorcode: 995, details: Lopration dentre/sortie a t abandonne en raison de larrt dun thread ou  la demande dune application.
AssetImportWorker is now disconnected from the server
Process exiting
Exiting without the bug reporter. Application will terminate with return code 0